Flow report for interface
Wed May 28 20:44:46 2025
Quartus II 64-Bit Version 13.0.1 Build 232 06/12/2013 Service Pack 1 SJ Web Edition


---------------------
; Table of Contents ;
---------------------
  1. Legal Notice
  2. Flow Summary
  3. Flow Settings
  4. Flow Non-Default Global Settings
  5. Flow Elapsed Time
  6. Flow OS Summary
  7. Flow Log
  8. Flow Messages
  9. Flow Suppressed Messages



----------------
; Legal Notice ;
----------------
Copyright (C) 1991-2013 Altera Corporation
Your use of Altera Corporation's design tools, logic functions 
and other software and tools, and its AMPP partner logic 
functions, and any output files from any of the foregoing 
(including device programming or simulation files), and any 
associated documentation or information are expressly subject 
to the terms and conditions of the Altera Program License 
Subscription Agreement, Altera MegaCore Function License 
Agreement, or other applicable license agreement, including, 
without limitation, that your use is for the sole purpose of 
programming logic devices manufactured by Altera and sold by 
Altera or its authorized distributors.  Please refer to the 
applicable agreement for further details.



+--------------------------------------------------------------------------------------+
; Flow Summary                                                                         ;
+------------------------------------+-------------------------------------------------+
; Flow Status                        ; Successful - Wed May 28 20:44:46 2025           ;
; Quartus II 64-Bit Version          ; 13.0.1 Build 232 06/12/2013 SP 1 SJ Web Edition ;
; Revision Name                      ; interface                                       ;
; Top-level Entity Name              ; interface                                       ;
; Family                             ; Cyclone II                                      ;
; Device                             ; EP2C5Q208C8                                     ;
; Timing Models                      ; Final                                           ;
; Total logic elements               ; 47 / 4,608 ( 1 % )                              ;
;     Total combinational functions  ; 47 / 4,608 ( 1 % )                              ;
;     Dedicated logic registers      ; 13 / 4,608 ( < 1 % )                            ;
; Total registers                    ; 13                                              ;
; Total pins                         ; 37 / 142 ( 26 % )                               ;
; Total virtual pins                 ; 0                                               ;
; Total memory bits                  ; 0 / 119,808 ( 0 % )                             ;
; Embedded Multiplier 9-bit elements ; 0 / 26 ( 0 % )                                  ;
; Total PLLs                         ; 0 / 2 ( 0 % )                                   ;
+------------------------------------+-------------------------------------------------+


+-----------------------------------------+
; Flow Settings                           ;
+-------------------+---------------------+
; Option            ; Setting             ;
+-------------------+---------------------+
; Start date & time ; 05/26/2025 10:59:54 ;
; Main task         ; Compilation         ;
; Revision Name     ; interface           ;
+-------------------+---------------------+


+--------------------------------------------------------------------------------------------------------------------+
; Flow Non-Default Global Settings                                                                                   ;
+-------------------------------------+-------------------------------+---------------+-------------+----------------+
; Assignment Name                     ; Value                         ; Default Value ; Entity Name ; Section Id     ;
+-------------------------------------+-------------------------------+---------------+-------------+----------------+
; COMPILER_SIGNATURE_ID               ; 9447198462686.174824639416872 ; --            ; --          ; --             ;
; EDA_GENERATE_FUNCTIONAL_NETLIST     ; On                            ; --            ; --          ; eda_simulation ;
; EDA_OUTPUT_DATA_FORMAT              ; Verilog Hdl                   ; --            ; --          ; eda_simulation ;
; EDA_SIMULATION_TOOL                 ; ModelSim-Altera (Verilog)     ; <None>        ; --          ; --             ;
; EDA_TIME_SCALE                      ; 1 ps                          ; --            ; --          ; eda_simulation ;
; IP_TOOL_NAME                        ; LPM_COUNTER                   ; --            ; --          ; --             ;
; IP_TOOL_VERSION                     ; 13.0                          ; --            ; --          ; --             ;
; MAX_CORE_JUNCTION_TEMP              ; 85                            ; --            ; --          ; --             ;
; MIN_CORE_JUNCTION_TEMP              ; 0                             ; --            ; --          ; --             ;
; MISC_FILE                           ; lpm_counter1.bsf              ; --            ; --          ; --             ;
; MISC_FILE                           ; lpm_counter1.cmp              ; --            ; --          ; --             ;
; PARTITION_COLOR                     ; 16764057                      ; --            ; --          ; Top            ;
; PARTITION_FITTER_PRESERVATION_LEVEL ; PLACEMENT_AND_ROUTING         ; --            ; --          ; Top            ;
; PARTITION_NETLIST_TYPE              ; SOURCE                        ; --            ; --          ; Top            ;
; PROJECT_OUTPUT_DIRECTORY            ; output_files                  ; --            ; --          ; --             ;
+-------------------------------------+-------------------------------+---------------+-------------+----------------+


+-------------------------------------------------------------------------------------------------------------------------------+
; Flow Elapsed Time                                                                                                             ;
+---------------------------+--------------+-------------------------+---------------------+------------------------------------+
; Module Name               ; Elapsed Time ; Average Processors Used ; Peak Virtual Memory ; Total CPU Time (on all processors) ;
+---------------------------+--------------+-------------------------+---------------------+------------------------------------+
; Analysis & Synthesis      ; 00:00:02     ; 1.0                     ; 4650 MB             ; 00:00:02                           ;
; Fitter                    ; 00:00:03     ; 1.0                     ; 4797 MB             ; 00:00:03                           ;
; Assembler                 ; 00:00:01     ; 1.0                     ; 4537 MB             ; 00:00:01                           ;
; TimeQuest Timing Analyzer ; 00:00:01     ; 1.0                     ; 4535 MB             ; 00:00:01                           ;
; EDA Netlist Writer        ; 00:00:01     ; 1.0                     ; 4502 MB             ; 00:00:01                           ;
; EDA Netlist Writer        ; 00:00:01     ; 1.0                     ; 4515 MB             ; 00:00:01                           ;
; EDA Netlist Writer        ; 00:00:01     ; 1.0                     ; 4515 MB             ; 00:00:01                           ;
; EDA Netlist Writer        ; 00:00:00     ; 1.0                     ; 4515 MB             ; 00:00:01                           ;
; EDA Netlist Writer        ; 00:00:01     ; 1.0                     ; 4515 MB             ; 00:00:01                           ;
; EDA Netlist Writer        ; 00:00:01     ; 1.0                     ; 4515 MB             ; 00:00:01                           ;
; EDA Netlist Writer        ; 00:00:01     ; 1.0                     ; 4515 MB             ; 00:00:01                           ;
; EDA Netlist Writer        ; 00:00:01     ; 1.0                     ; 4515 MB             ; 00:00:01                           ;
; EDA Netlist Writer        ; 00:00:01     ; 1.0                     ; 4515 MB             ; 00:00:01                           ;
; EDA Netlist Writer        ; 00:00:01     ; 1.0                     ; 4515 MB             ; 00:00:01                           ;
; EDA Netlist Writer        ; 00:00:01     ; 1.0                     ; 4515 MB             ; 00:00:01                           ;
; EDA Netlist Writer        ; 00:00:01     ; 1.0                     ; 4515 MB             ; 00:00:01                           ;
; EDA Netlist Writer        ; 00:00:01     ; 1.0                     ; 4515 MB             ; 00:00:01                           ;
; EDA Netlist Writer        ; 00:00:01     ; 1.0                     ; 4515 MB             ; 00:00:01                           ;
; EDA Netlist Writer        ; 00:00:00     ; 1.0                     ; 4515 MB             ; 00:00:01                           ;
; EDA Netlist Writer        ; 00:00:00     ; 1.0                     ; 4515 MB             ; 00:00:01                           ;
; EDA Netlist Writer        ; 00:00:00     ; 1.0                     ; 4515 MB             ; 00:00:01                           ;
; EDA Netlist Writer        ; 00:00:00     ; 1.0                     ; 4515 MB             ; 00:00:01                           ;
; EDA Netlist Writer        ; 00:00:01     ; 1.0                     ; 4515 MB             ; 00:00:01                           ;
; EDA Netlist Writer        ; 00:00:00     ; 1.0                     ; 4515 MB             ; 00:00:01                           ;
; EDA Netlist Writer        ; 00:00:00     ; 1.0                     ; 4515 MB             ; 00:00:01                           ;
; EDA Netlist Writer        ; 00:00:01     ; 1.0                     ; 4515 MB             ; 00:00:01                           ;
; EDA Netlist Writer        ; 00:00:01     ; 1.0                     ; 4515 MB             ; 00:00:01                           ;
; EDA Netlist Writer        ; 00:00:01     ; 1.0                     ; 4515 MB             ; 00:00:01                           ;
; EDA Netlist Writer        ; 00:00:01     ; 1.0                     ; 4515 MB             ; 00:00:01                           ;
; EDA Netlist Writer        ; 00:00:00     ; 1.0                     ; 4515 MB             ; 00:00:01                           ;
; EDA Netlist Writer        ; 00:00:00     ; 1.0                     ; 4515 MB             ; 00:00:01                           ;
; EDA Netlist Writer        ; 00:00:01     ; 1.0                     ; 4515 MB             ; 00:00:01                           ;
; EDA Netlist Writer        ; 00:00:01     ; 1.0                     ; 4515 MB             ; 00:00:01                           ;
; EDA Netlist Writer        ; 00:00:01     ; 1.0                     ; 4515 MB             ; 00:00:01                           ;
; EDA Netlist Writer        ; 00:00:01     ; 1.0                     ; 4515 MB             ; 00:00:01                           ;
; EDA Netlist Writer        ; 00:00:01     ; 1.0                     ; 4515 MB             ; 00:00:01                           ;
; EDA Netlist Writer        ; 00:00:01     ; 1.0                     ; 4515 MB             ; 00:00:01                           ;
; EDA Netlist Writer        ; 00:00:01     ; 1.0                     ; 4515 MB             ; 00:00:01                           ;
; EDA Netlist Writer        ; 00:00:00     ; 1.0                     ; 4515 MB             ; 00:00:01                           ;
; EDA Netlist Writer        ; 00:00:01     ; 1.0                     ; 4515 MB             ; 00:00:01                           ;
; EDA Netlist Writer        ; 00:00:01     ; 1.0                     ; 4515 MB             ; 00:00:01                           ;
; EDA Netlist Writer        ; 00:00:00     ; 1.0                     ; 4515 MB             ; 00:00:01                           ;
; EDA Netlist Writer        ; 00:00:01     ; 1.0                     ; 4515 MB             ; 00:00:01                           ;
; EDA Netlist Writer        ; 00:00:01     ; 1.0                     ; 4516 MB             ; 00:00:01                           ;
; EDA Netlist Writer        ; 00:00:01     ; 1.0                     ; 4515 MB             ; 00:00:01                           ;
; EDA Netlist Writer        ; 00:00:00     ; 1.0                     ; 4515 MB             ; 00:00:01                           ;
; EDA Netlist Writer        ; 00:00:01     ; 1.0                     ; 4515 MB             ; 00:00:01                           ;
; EDA Netlist Writer        ; 00:00:01     ; 1.0                     ; 4515 MB             ; 00:00:01                           ;
; EDA Netlist Writer        ; 00:00:01     ; 1.0                     ; 4515 MB             ; 00:00:01                           ;
; EDA Netlist Writer        ; 00:00:01     ; 1.0                     ; 4515 MB             ; 00:00:01                           ;
; EDA Netlist Writer        ; 00:00:00     ; 1.0                     ; 4515 MB             ; 00:00:01                           ;
; EDA Netlist Writer        ; 00:00:01     ; 1.0                     ; 4515 MB             ; 00:00:01                           ;
; EDA Netlist Writer        ; 00:00:00     ; 1.0                     ; 4515 MB             ; 00:00:01                           ;
; EDA Netlist Writer        ; 00:00:00     ; 1.0                     ; 4515 MB             ; 00:00:01                           ;
; EDA Netlist Writer        ; 00:00:01     ; 1.0                     ; 4515 MB             ; 00:00:01                           ;
; EDA Netlist Writer        ; 00:00:01     ; 1.0                     ; 4515 MB             ; 00:00:01                           ;
; EDA Netlist Writer        ; 00:00:01     ; 1.0                     ; 4515 MB             ; 00:00:01                           ;
; EDA Netlist Writer        ; 00:00:01     ; 1.0                     ; 4515 MB             ; 00:00:01                           ;
; EDA Netlist Writer        ; 00:00:00     ; 1.0                     ; 4515 MB             ; 00:00:01                           ;
; EDA Netlist Writer        ; 00:00:00     ; 1.0                     ; 4515 MB             ; 00:00:01                           ;
; EDA Netlist Writer        ; 00:00:00     ; 1.0                     ; 4515 MB             ; 00:00:01                           ;
; EDA Netlist Writer        ; 00:00:00     ; 1.0                     ; 4515 MB             ; 00:00:01                           ;
; EDA Netlist Writer        ; 00:00:01     ; 1.0                     ; 4515 MB             ; 00:00:01                           ;
; EDA Netlist Writer        ; 00:00:01     ; 1.0                     ; 4515 MB             ; 00:00:01                           ;
; EDA Netlist Writer        ; 00:00:00     ; 1.0                     ; 4515 MB             ; 00:00:01                           ;
; EDA Netlist Writer        ; 00:00:00     ; 1.0                     ; 4515 MB             ; 00:00:01                           ;
; EDA Netlist Writer        ; 00:00:00     ; 1.0                     ; 4515 MB             ; 00:00:01                           ;
; EDA Netlist Writer        ; 00:00:00     ; 1.0                     ; 4515 MB             ; 00:00:01                           ;
; EDA Netlist Writer        ; 00:00:01     ; 1.0                     ; 4515 MB             ; 00:00:01                           ;
; EDA Netlist Writer        ; 00:00:01     ; 1.0                     ; 4515 MB             ; 00:00:01                           ;
; EDA Netlist Writer        ; 00:00:01     ; 1.0                     ; 4515 MB             ; 00:00:01                           ;
; Total                     ; 00:00:51     ; --                      ; --                  ; 00:01:14                           ;
+---------------------------+--------------+-------------------------+---------------------+------------------------------------+


+----------------------------------------------------------------------------------------+
; Flow OS Summary                                                                        ;
+---------------------------+------------------+-----------+------------+----------------+
; Module Name               ; Machine Hostname ; OS Name   ; OS Version ; Processor type ;
+---------------------------+------------------+-----------+------------+----------------+
; Analysis & Synthesis      ; LAPTOP-30QKJ5US  ; Windows 7 ; 6.2        ; x86_64         ;
; Fitter                    ; LAPTOP-30QKJ5US  ; Windows 7 ; 6.2        ; x86_64         ;
; Assembler                 ; LAPTOP-30QKJ5US  ; Windows 7 ; 6.2        ; x86_64         ;
; TimeQuest Timing Analyzer ; LAPTOP-30QKJ5US  ; Windows 7 ; 6.2        ; x86_64         ;
; EDA Netlist Writer        ; LAPTOP-30QKJ5US  ; Windows 7 ; 6.2        ; x86_64         ;
; EDA Netlist Writer        ; LAPTOP-30QKJ5US  ; Windows 7 ; 6.2        ; x86_64         ;
; EDA Netlist Writer        ; LAPTOP-30QKJ5US  ; Windows 7 ; 6.2        ; x86_64         ;
; EDA Netlist Writer        ; LAPTOP-30QKJ5US  ; Windows 7 ; 6.2        ; x86_64         ;
; EDA Netlist Writer        ; LAPTOP-30QKJ5US  ; Windows 7 ; 6.2        ; x86_64         ;
; EDA Netlist Writer        ; LAPTOP-30QKJ5US  ; Windows 7 ; 6.2        ; x86_64         ;
; EDA Netlist Writer        ; LAPTOP-30QKJ5US  ; Windows 7 ; 6.2        ; x86_64         ;
; EDA Netlist Writer        ; LAPTOP-30QKJ5US  ; Windows 7 ; 6.2        ; x86_64         ;
; EDA Netlist Writer        ; LAPTOP-30QKJ5US  ; Windows 7 ; 6.2        ; x86_64         ;
; EDA Netlist Writer        ; LAPTOP-30QKJ5US  ; Windows 7 ; 6.2        ; x86_64         ;
; EDA Netlist Writer        ; LAPTOP-30QKJ5US  ; Windows 7 ; 6.2        ; x86_64         ;
; EDA Netlist Writer        ; LAPTOP-30QKJ5US  ; Windows 7 ; 6.2        ; x86_64         ;
; EDA Netlist Writer        ; LAPTOP-30QKJ5US  ; Windows 7 ; 6.2        ; x86_64         ;
; EDA Netlist Writer        ; LAPTOP-30QKJ5US  ; Windows 7 ; 6.2        ; x86_64         ;
; EDA Netlist Writer        ; LAPTOP-30QKJ5US  ; Windows 7 ; 6.2        ; x86_64         ;
; EDA Netlist Writer        ; LAPTOP-30QKJ5US  ; Windows 7 ; 6.2        ; x86_64         ;
; EDA Netlist Writer        ; LAPTOP-30QKJ5US  ; Windows 7 ; 6.2        ; x86_64         ;
; EDA Netlist Writer        ; LAPTOP-30QKJ5US  ; Windows 7 ; 6.2        ; x86_64         ;
; EDA Netlist Writer        ; LAPTOP-30QKJ5US  ; Windows 7 ; 6.2        ; x86_64         ;
; EDA Netlist Writer        ; LAPTOP-30QKJ5US  ; Windows 7 ; 6.2        ; x86_64         ;
; EDA Netlist Writer        ; LAPTOP-30QKJ5US  ; Windows 7 ; 6.2        ; x86_64         ;
; EDA Netlist Writer        ; LAPTOP-30QKJ5US  ; Windows 7 ; 6.2        ; x86_64         ;
; EDA Netlist Writer        ; LAPTOP-30QKJ5US  ; Windows 7 ; 6.2        ; x86_64         ;
; EDA Netlist Writer        ; LAPTOP-30QKJ5US  ; Windows 7 ; 6.2        ; x86_64         ;
; EDA Netlist Writer        ; LAPTOP-30QKJ5US  ; Windows 7 ; 6.2        ; x86_64         ;
; EDA Netlist Writer        ; LAPTOP-30QKJ5US  ; Windows 7 ; 6.2        ; x86_64         ;
; EDA Netlist Writer        ; LAPTOP-30QKJ5US  ; Windows 7 ; 6.2        ; x86_64         ;
; EDA Netlist Writer        ; LAPTOP-30QKJ5US  ; Windows 7 ; 6.2        ; x86_64         ;
; EDA Netlist Writer        ; LAPTOP-30QKJ5US  ; Windows 7 ; 6.2        ; x86_64         ;
; EDA Netlist Writer        ; LAPTOP-30QKJ5US  ; Windows 7 ; 6.2        ; x86_64         ;
; EDA Netlist Writer        ; LAPTOP-30QKJ5US  ; Windows 7 ; 6.2        ; x86_64         ;
; EDA Netlist Writer        ; LAPTOP-30QKJ5US  ; Windows 7 ; 6.2        ; x86_64         ;
; EDA Netlist Writer        ; LAPTOP-30QKJ5US  ; Windows 7 ; 6.2        ; x86_64         ;
; EDA Netlist Writer        ; LAPTOP-30QKJ5US  ; Windows 7 ; 6.2        ; x86_64         ;
; EDA Netlist Writer        ; LAPTOP-30QKJ5US  ; Windows 7 ; 6.2        ; x86_64         ;
; EDA Netlist Writer        ; LAPTOP-30QKJ5US  ; Windows 7 ; 6.2        ; x86_64         ;
; EDA Netlist Writer        ; LAPTOP-30QKJ5US  ; Windows 7 ; 6.2        ; x86_64         ;
; EDA Netlist Writer        ; LAPTOP-30QKJ5US  ; Windows 7 ; 6.2        ; x86_64         ;
; EDA Netlist Writer        ; LAPTOP-30QKJ5US  ; Windows 7 ; 6.2        ; x86_64         ;
; EDA Netlist Writer        ; LAPTOP-30QKJ5US  ; Windows 7 ; 6.2        ; x86_64         ;
; EDA Netlist Writer        ; LAPTOP-30QKJ5US  ; Windows 7 ; 6.2        ; x86_64         ;
; EDA Netlist Writer        ; LAPTOP-30QKJ5US  ; Windows 7 ; 6.2        ; x86_64         ;
; EDA Netlist Writer        ; LAPTOP-30QKJ5US  ; Windows 7 ; 6.2        ; x86_64         ;
; EDA Netlist Writer        ; LAPTOP-30QKJ5US  ; Windows 7 ; 6.2        ; x86_64         ;
; EDA Netlist Writer        ; LAPTOP-30QKJ5US  ; Windows 7 ; 6.2        ; x86_64         ;
; EDA Netlist Writer        ; LAPTOP-30QKJ5US  ; Windows 7 ; 6.2        ; x86_64         ;
; EDA Netlist Writer        ; LAPTOP-30QKJ5US  ; Windows 7 ; 6.2        ; x86_64         ;
; EDA Netlist Writer        ; LAPTOP-30QKJ5US  ; Windows 7 ; 6.2        ; x86_64         ;
; EDA Netlist Writer        ; LAPTOP-30QKJ5US  ; Windows 7 ; 6.2        ; x86_64         ;
; EDA Netlist Writer        ; LAPTOP-30QKJ5US  ; Windows 7 ; 6.2        ; x86_64         ;
; EDA Netlist Writer        ; LAPTOP-30QKJ5US  ; Windows 7 ; 6.2        ; x86_64         ;
; EDA Netlist Writer        ; LAPTOP-30QKJ5US  ; Windows 7 ; 6.2        ; x86_64         ;
; EDA Netlist Writer        ; LAPTOP-30QKJ5US  ; Windows 7 ; 6.2        ; x86_64         ;
; EDA Netlist Writer        ; LAPTOP-30QKJ5US  ; Windows 7 ; 6.2        ; x86_64         ;
; EDA Netlist Writer        ; LAPTOP-30QKJ5US  ; Windows 7 ; 6.2        ; x86_64         ;
; EDA Netlist Writer        ; LAPTOP-30QKJ5US  ; Windows 7 ; 6.2        ; x86_64         ;
; EDA Netlist Writer        ; LAPTOP-30QKJ5US  ; Windows 7 ; 6.2        ; x86_64         ;
; EDA Netlist Writer        ; LAPTOP-30QKJ5US  ; Windows 7 ; 6.2        ; x86_64         ;
; EDA Netlist Writer        ; LAPTOP-30QKJ5US  ; Windows 7 ; 6.2        ; x86_64         ;
; EDA Netlist Writer        ; LAPTOP-30QKJ5US  ; Windows 7 ; 6.2        ; x86_64         ;
; EDA Netlist Writer        ; LAPTOP-30QKJ5US  ; Windows 7 ; 6.2        ; x86_64         ;
; EDA Netlist Writer        ; LAPTOP-30QKJ5US  ; Windows 7 ; 6.2        ; x86_64         ;
; EDA Netlist Writer        ; LAPTOP-30QKJ5US  ; Windows 7 ; 6.2        ; x86_64         ;
; EDA Netlist Writer        ; LAPTOP-30QKJ5US  ; Windows 7 ; 6.2        ; x86_64         ;
; EDA Netlist Writer        ; LAPTOP-30QKJ5US  ; Windows 7 ; 6.2        ; x86_64         ;
; EDA Netlist Writer        ; LAPTOP-30QKJ5US  ; Windows 7 ; 6.2        ; x86_64         ;
; EDA Netlist Writer        ; LAPTOP-30QKJ5US  ; Windows 7 ; 6.2        ; x86_64         ;
+---------------------------+------------------+-----------+------------+----------------+


------------
; Flow Log ;
------------
quartus_map --read_settings_files=on --write_settings_files=off interface -c interface
quartus_fit --read_settings_files=off --write_settings_files=off interface -c interface
quartus_asm --read_settings_files=off --write_settings_files=off interface -c interface
quartus_sta interface -c interface
quartus_eda --read_settings_files=off --write_settings_files=off interface -c interface
quartus_eda --gen_testbench --check_outputs=on --tool=modelsim_oem --format=verilog interface -c interface --vector_source=D:/Student/6sem/ElBCS/dollars/samoylov_course/interface/Waveform.vwf --testbench_file=./simulation/qsim/interface.vt
quartus_eda --functional=on --simulation=on --tool=modelsim_oem --format=verilog interface -c interface
quartus_eda --gen_testbench --check_outputs=on --tool=modelsim_oem --format=verilog interface -c interface --vector_source=D:/Student/6sem/ElBCS/dollars/samoylov_course/interface/Waveform1.vwf --testbench_file=./simulation/qsim/interface.vt
quartus_eda --functional=on --simulation=on --tool=modelsim_oem --format=verilog interface -c interface
quartus_eda --gen_testbench --check_outputs=on --tool=modelsim_oem --format=verilog interface -c interface --vector_source=D:/Student/6sem/ElBCS/dollars/samoylov_course/interface/Waveform.vwf --testbench_file=./simulation/qsim/interface.vt
quartus_eda --functional=on --simulation=on --tool=modelsim_oem --format=verilog interface -c interface
quartus_eda --gen_testbench --check_outputs=on --tool=modelsim_oem --format=verilog interface -c interface --vector_source=D:/Student/6sem/ElBCS/dollars/samoylov_course/interface/Waveform.vwf --testbench_file=./simulation/qsim/interface.vt
quartus_eda --functional=off --timescale=1ps --simulation=on --tool=modelsim_oem --format=verilog interface -c interface
quartus_eda --gen_testbench --check_outputs=on --tool=modelsim_oem --format=verilog interface -c interface --vector_source=D:/Student/6sem/ElBCS/dollars/samoylov_course/interface/Waveform.vwf --testbench_file=./simulation/qsim/interface.vt
quartus_eda --functional=off --timescale=1ps --simulation=on --tool=modelsim_oem --format=verilog interface -c interface
quartus_eda --gen_testbench --check_outputs=on --tool=modelsim_oem --format=verilog interface -c interface --vector_source=D:/Student/6sem/ElBCS/dollars/samoylov_course/interface/Waveform.vwf --testbench_file=./simulation/qsim/interface.vt
quartus_eda --functional=off --timescale=1ps --simulation=on --tool=modelsim_oem --format=verilog interface -c interface
quartus_eda --gen_testbench --check_outputs=on --tool=modelsim_oem --format=verilog interface -c interface --vector_source=D:/Student/6sem/ElBCS/dollars/samoylov_course/interface/Waveform.vwf --testbench_file=./simulation/qsim/interface.vt
quartus_eda --functional=off --timescale=1ps --simulation=on --tool=modelsim_oem --format=verilog interface -c interface
quartus_eda --gen_testbench --check_outputs=on --tool=modelsim_oem --format=verilog interface -c interface --vector_source=D:/Student/6sem/ElBCS/dollars/samoylov_course/interface/Waveform.vwf --testbench_file=./simulation/qsim/interface.vt
quartus_eda --functional=off --timescale=1ps --simulation=on --tool=modelsim_oem --format=verilog interface -c interface
quartus_eda --gen_testbench --check_outputs=on --tool=modelsim_oem --format=verilog interface -c interface --vector_source=D:/Student/6sem/ElBCS/dollars/samoylov_course/interface/Waveform.vwf --testbench_file=./simulation/qsim/interface.vt
quartus_eda --functional=off --timescale=1ps --simulation=on --tool=modelsim_oem --format=verilog interface -c interface
quartus_eda --gen_testbench --check_outputs=on --tool=modelsim_oem --format=verilog interface -c interface --vector_source=D:/Student/6sem/ElBCS/dollars/samoylov_course/interface/Waveform.vwf --testbench_file=./simulation/qsim/interface.vt
quartus_eda --functional=off --timescale=1ps --simulation=on --tool=modelsim_oem --format=verilog interface -c interface
quartus_eda --gen_testbench --check_outputs=on --tool=modelsim_oem --format=verilog interface -c interface --vector_source=D:/Student/6sem/ElBCS/dollars/samoylov_course/interface/Waveform.vwf --testbench_file=./simulation/qsim/interface.vt
quartus_eda --functional=off --timescale=1ps --simulation=on --tool=modelsim_oem --format=verilog interface -c interface
quartus_eda --gen_testbench --check_outputs=on --tool=modelsim_oem --format=verilog interface -c interface --vector_source=D:/Student/6sem/ElBCS/dollars/samoylov_course/interface/Waveform.vwf --testbench_file=./simulation/qsim/interface.vt
quartus_eda --functional=off --timescale=1ps --simulation=on --tool=modelsim_oem --format=verilog interface -c interface
quartus_eda --gen_testbench --check_outputs=on --tool=modelsim_oem --format=verilog interface -c interface --vector_source=D:/Student/6sem/ElBCS/dollars/samoylov_course/interface/Waveform.vwf --testbench_file=./simulation/qsim/interface.vt
quartus_eda --functional=off --timescale=1ps --simulation=on --tool=modelsim_oem --format=verilog interface -c interface
quartus_eda --gen_testbench --check_outputs=on --tool=modelsim_oem --format=verilog interface -c interface --vector_source=D:/Student/6sem/ElBCS/dollars/samoylov_course/interface/Waveform.vwf --testbench_file=./simulation/qsim/interface.vt
quartus_eda --functional=off --timescale=1ps --simulation=on --tool=modelsim_oem --format=verilog interface -c interface
quartus_eda --gen_testbench --check_outputs=on --tool=modelsim_oem --format=verilog interface -c interface --vector_source=D:/Student/6sem/ElBCS/dollars/samoylov_course/interface/Waveform.vwf --testbench_file=./simulation/qsim/interface.vt
quartus_eda --functional=off --timescale=1ps --simulation=on --tool=modelsim_oem --format=verilog interface -c interface
quartus_eda --gen_testbench --check_outputs=on --tool=modelsim_oem --format=verilog interface -c interface --vector_source=D:/Student/6sem/ElBCS/dollars/samoylov_course/interface/Waveform.vwf --testbench_file=./simulation/qsim/interface.vt
quartus_eda --functional=off --timescale=1ps --simulation=on --tool=modelsim_oem --format=verilog interface -c interface
quartus_eda --gen_testbench --check_outputs=on --tool=modelsim_oem --format=verilog interface -c interface --vector_source=D:/Student/6sem/ElBCS/dollars/samoylov_course/interface/Waveform.vwf --testbench_file=./simulation/qsim/interface.vt
quartus_eda --functional=off --timescale=1ps --simulation=on --tool=modelsim_oem --format=verilog interface -c interface
quartus_eda --gen_testbench --check_outputs=on --tool=modelsim_oem --format=verilog interface -c interface --vector_source=D:/Student/6sem/ElBCS/dollars/samoylov_course/interface/Waveform.vwf --testbench_file=./simulation/qsim/interface.vt
quartus_eda --functional=off --timescale=1ps --simulation=on --tool=modelsim_oem --format=verilog interface -c interface
quartus_eda --gen_testbench --check_outputs=on --tool=modelsim_oem --format=verilog interface -c interface --vector_source=D:/Student/6sem/ElBCS/dollars/samoylov_course/interface/Waveform.vwf --testbench_file=./simulation/qsim/interface.vt
quartus_eda --functional=off --timescale=1ps --simulation=on --tool=modelsim_oem --format=verilog interface -c interface
quartus_eda --gen_testbench --check_outputs=on --tool=modelsim_oem --format=verilog interface -c interface --vector_source=D:/Student/6sem/ElBCS/dollars/samoylov_course/interface/Waveform.vwf --testbench_file=./simulation/qsim/interface.vt
quartus_eda --functional=off --timescale=1ps --simulation=on --tool=modelsim_oem --format=verilog interface -c interface
quartus_eda --gen_testbench --check_outputs=on --tool=modelsim_oem --format=verilog interface -c interface --vector_source=D:/Student/6sem/ElBCS/dollars/samoylov_course/interface/Waveform.vwf --testbench_file=./simulation/qsim/interface.vt
quartus_eda --functional=off --timescale=1ps --simulation=on --tool=modelsim_oem --format=verilog interface -c interface
quartus_eda --gen_testbench --check_outputs=on --tool=modelsim_oem --format=verilog interface -c interface --vector_source=D:/Student/6sem/ElBCS/dollars/samoylov_course/interface/Waveform.vwf --testbench_file=./simulation/qsim/interface.vt
quartus_eda --functional=off --timescale=1ps --simulation=on --tool=modelsim_oem --format=verilog interface -c interface
quartus_eda --gen_testbench --check_outputs=on --tool=modelsim_oem --format=verilog interface -c interface --vector_source=D:/Student/6sem/ElBCS/dollars/samoylov_course/interface/Waveform.vwf --testbench_file=./simulation/qsim/interface.vt
quartus_eda --gen_testbench --check_outputs=on --tool=modelsim_oem --format=verilog interface -c interface --vector_source=D:/Student/6sem/ElBCS/dollars/samoylov_course/interface/Waveform.vwf --testbench_file=./simulation/qsim/interface.vt
quartus_eda --functional=off --timescale=1ps --simulation=on --tool=modelsim_oem --format=verilog interface -c interface
quartus_eda --gen_testbench --check_outputs=on --tool=modelsim_oem --format=verilog interface -c interface --vector_source=D:/Student/6sem/ElBCS/dollars/samoylov_course/interface/Waveform.vwf --testbench_file=./simulation/qsim/interface.vt
quartus_eda --functional=off --timescale=1ps --simulation=on --tool=modelsim_oem --format=verilog interface -c interface
quartus_eda --gen_testbench --check_outputs=on --tool=modelsim_oem --format=verilog interface -c interface --vector_source=D:/Student/6sem/ElBCS/dollars/samoylov_course/interface/Waveform.vwf --testbench_file=./simulation/qsim/interface.vt
quartus_eda --functional=off --timescale=1ps --simulation=on --tool=modelsim_oem --format=verilog interface -c interface
quartus_eda --gen_testbench --check_outputs=on --tool=modelsim_oem --format=verilog interface -c interface --vector_source=D:/Student/6sem/ElBCS/dollars/samoylov_course/interface/Waveform.vwf --testbench_file=./simulation/qsim/interface.vt
quartus_eda --functional=off --timescale=1ps --simulation=on --tool=modelsim_oem --format=verilog interface -c interface
quartus_eda --gen_testbench --check_outputs=on --tool=modelsim_oem --format=verilog interface -c interface --vector_source=D:/Student/6sem/ElBCS/dollars/samoylov_course/interface/Waveform.vwf --testbench_file=./simulation/qsim/interface.vt
quartus_eda --functional=off --timescale=1ps --simulation=on --tool=modelsim_oem --format=verilog interface -c interface
quartus_eda --gen_testbench --check_outputs=on --tool=modelsim_oem --format=verilog interface -c interface --vector_source=D:/Student/6sem/ElBCS/dollars/samoylov_course/interface/Waveform.vwf --testbench_file=./simulation/qsim/interface.vt
quartus_eda --functional=off --timescale=1ps --simulation=on --tool=modelsim_oem --format=verilog interface -c interface
quartus_eda --gen_testbench --check_outputs=on --tool=modelsim_oem --format=verilog interface -c interface --vector_source=D:/Student/6sem/ElBCS/dollars/samoylov_course/interface/Waveform.vwf --testbench_file=./simulation/qsim/interface.vt
quartus_eda --functional=off --timescale=1ps --simulation=on --tool=modelsim_oem --format=verilog interface -c interface
quartus_eda --gen_testbench --check_outputs=on --tool=modelsim_oem --format=verilog interface -c interface --vector_source=D:/Student/6sem/ElBCS/dollars/samoylov_course/interface/Waveform.vwf --testbench_file=./simulation/qsim/interface.vt
quartus_eda --functional=off --timescale=1ps --simulation=on --tool=modelsim_oem --format=verilog interface -c interface
quartus_eda --gen_testbench --check_outputs=on --tool=modelsim_oem --format=verilog interface -c interface --vector_source=D:/Student/6sem/ElBCS/dollars/samoylov_course/interface/Waveform.vwf --testbench_file=./simulation/qsim/interface.vt
quartus_eda --gen_testbench --check_outputs=on --tool=modelsim_oem --format=verilog interface -c interface --vector_source=D:/Student/6sem/ElBCS/dollars/samoylov_course/interface/Waveform.vwf --testbench_file=./simulation/qsim/interface.vt
quartus_eda --functional=off --timescale=1ps --simulation=on --tool=modelsim_oem --format=verilog interface -c interface
quartus_eda --gen_testbench --check_outputs=on --tool=modelsim_oem --format=verilog interface -c interface --vector_source=D:/Student/6sem/ElBCS/dollars/samoylov_course/interface/Waveform.vwf --testbench_file=./simulation/qsim/interface.vt
quartus_eda --functional=off --timescale=1ps --simulation=on --tool=modelsim_oem --format=verilog interface -c interface



