TimeQuest Timing Analyzer report for scheme_mux
Wed May 07 19:51:15 2025
Quartus II 64-Bit Version 13.0.1 Build 232 06/12/2013 Service Pack 1 SJ Web Edition


---------------------
; Table of Contents ;
---------------------
  1. Legal Notice
  2. TimeQuest Timing Analyzer Summary
  3. Parallel Compilation
  4. Clocks
  5. Slow Model Fmax Summary
  6. Slow Model Setup Summary
  7. Slow Model Hold Summary
  8. Slow Model Recovery Summary
  9. Slow Model Removal Summary
 10. Slow Model Minimum Pulse Width Summary
 11. Slow Model Setup: 'Clock'
 12. Slow Model Hold: 'Clock'
 13. Slow Model Minimum Pulse Width: 'Clock'
 14. Slow Model Minimum Pulse Width: 'SetCLOCK'
 15. Slow Model Minimum Pulse Width: 'SetDATA'
 16. Setup Times
 17. Hold Times
 18. Clock to Output Times
 19. Minimum Clock to Output Times
 20. Fast Model Setup Summary
 21. Fast Model Hold Summary
 22. Fast Model Recovery Summary
 23. Fast Model Removal Summary
 24. Fast Model Minimum Pulse Width Summary
 25. Fast Model Setup: 'Clock'
 26. Fast Model Hold: 'Clock'
 27. Fast Model Minimum Pulse Width: 'Clock'
 28. Fast Model Minimum Pulse Width: 'SetCLOCK'
 29. Fast Model Minimum Pulse Width: 'SetDATA'
 30. Setup Times
 31. Hold Times
 32. Clock to Output Times
 33. Minimum Clock to Output Times
 34. Multicorner Timing Analysis Summary
 35. Setup Times
 36. Hold Times
 37. Clock to Output Times
 38. Minimum Clock to Output Times
 39. Setup Transfers
 40. Hold Transfers
 41. Report TCCS
 42. Report RSKM
 43. Unconstrained Paths
 44. TimeQuest Timing Analyzer Messages



----------------
; Legal Notice ;
----------------
Copyright (C) 1991-2013 Altera Corporation
Your use of Altera Corporation's design tools, logic functions 
and other software and tools, and its AMPP partner logic 
functions, and any output files from any of the foregoing 
(including device programming or simulation files), and any 
associated documentation or information are expressly subject 
to the terms and conditions of the Altera Program License 
Subscription Agreement, Altera MegaCore Function License 
Agreement, or other applicable license agreement, including, 
without limitation, that your use is for the sole purpose of 
programming logic devices manufactured by Altera and sold by 
Altera or its authorized distributors.  Please refer to the 
applicable agreement for further details.



+----------------------------------------------------------------------------------------+
; TimeQuest Timing Analyzer Summary                                                      ;
+--------------------+-------------------------------------------------------------------+
; Quartus II Version ; Version 13.0.1 Build 232 06/12/2013 Service Pack 1 SJ Web Edition ;
; Revision Name      ; scheme_mux                                                        ;
; Device Family      ; Cyclone II                                                        ;
; Device Name        ; EP2C5Q208C8                                                       ;
; Timing Models      ; Final                                                             ;
; Delay Model        ; Combined                                                          ;
; Rise/Fall Delays   ; Unavailable                                                       ;
+--------------------+-------------------------------------------------------------------+


Parallel compilation was disabled, but you have multiple processors available. Enable parallel compilation to reduce compilation time.
+-------------------------------------+
; Parallel Compilation                ;
+----------------------------+--------+
; Processors                 ; Number ;
+----------------------------+--------+
; Number detected on machine ; 8      ;
; Maximum allowed            ; 1      ;
+----------------------------+--------+


+--------------------------------------------------------------------------------------------------------------------------------------------------------------------------------------+
; Clocks                                                                                                                                                                               ;
+------------+------+--------+------------+-------+-------+------------+-----------+-------------+-------+--------+-----------+------------+----------+--------+--------+--------------+
; Clock Name ; Type ; Period ; Frequency  ; Rise  ; Fall  ; Duty Cycle ; Divide by ; Multiply by ; Phase ; Offset ; Edge List ; Edge Shift ; Inverted ; Master ; Source ; Targets      ;
+------------+------+--------+------------+-------+-------+------------+-----------+-------------+-------+--------+-----------+------------+----------+--------+--------+--------------+
; Clock      ; Base ; 1.000  ; 1000.0 MHz ; 0.000 ; 0.500 ;            ;           ;             ;       ;        ;           ;            ;          ;        ;        ; { Clock }    ;
; SetCLOCK   ; Base ; 1.000  ; 1000.0 MHz ; 0.000 ; 0.500 ;            ;           ;             ;       ;        ;           ;            ;          ;        ;        ; { SetCLOCK } ;
; SetDATA    ; Base ; 1.000  ; 1000.0 MHz ; 0.000 ; 0.500 ;            ;           ;             ;       ;        ;           ;            ;          ;        ;        ; { SetDATA }  ;
+------------+------+--------+------------+-------+-------+------------+-----------+-------------+-------+--------+-----------+------------+----------+--------+--------+--------------+


+--------------------------------------------------+
; Slow Model Fmax Summary                          ;
+------------+-----------------+------------+------+
; Fmax       ; Restricted Fmax ; Clock Name ; Note ;
+------------+-----------------+------------+------+
; 312.99 MHz ; 312.99 MHz      ; Clock      ;      ;
+------------+-----------------+------------+------+
This panel reports FMAX for every clock in the design, regardless of the user-specified clock periods.  FMAX is only computed for paths where the source and destination registers or ports are driven by the same clock.  Paths of different clocks, including generated clocks, are ignored.  For paths between a clock and its inversion, FMAX is computed as if the rising and falling edges are scaled along with FMAX, such that the duty cycle (in terms of a percentage) is maintained. Altera recommends that you always use clock constraints and other slack reports for sign-off analysis.


+--------------------------------+
; Slow Model Setup Summary       ;
+-------+--------+---------------+
; Clock ; Slack  ; End Point TNS ;
+-------+--------+---------------+
; Clock ; -2.195 ; -8.802        ;
+-------+--------+---------------+


+-------------------------------+
; Slow Model Hold Summary       ;
+-------+-------+---------------+
; Clock ; Slack ; End Point TNS ;
+-------+-------+---------------+
; Clock ; 0.499 ; 0.000         ;
+-------+-------+---------------+


-------------------------------
; Slow Model Recovery Summary ;
-------------------------------
No paths to report.


------------------------------
; Slow Model Removal Summary ;
------------------------------
No paths to report.


+----------------------------------------+
; Slow Model Minimum Pulse Width Summary ;
+----------+--------+--------------------+
; Clock    ; Slack  ; End Point TNS      ;
+----------+--------+--------------------+
; Clock    ; -1.777 ; -10.681            ;
; SetCLOCK ; -1.777 ; -1.777             ;
; SetDATA  ; -1.777 ; -1.777             ;
+----------+--------+--------------------+


+----------------------------------------------------------------------------------------------------------------------------------------------------------------------------------------------------------------------------------------------------------------+
; Slow Model Setup: 'Clock'                                                                                                                                                                                                                                      ;
+--------+----------------------------------------------------------------------------------------+----------------------------------------------------------------------------------------+--------------+-------------+--------------+------------+------------+
; Slack  ; From Node                                                                              ; To Node                                                                                ; Launch Clock ; Latch Clock ; Relationship ; Clock Skew ; Data Delay ;
+--------+----------------------------------------------------------------------------------------+----------------------------------------------------------------------------------------+--------------+-------------+--------------+------------+------------+
; -2.195 ; lpm_counter0:inst3|lpm_counter:LPM_COUNTER_component|cntr_6ni:auto_generated|safe_q[0] ; lpm_counter0:inst3|lpm_counter:LPM_COUNTER_component|cntr_6ni:auto_generated|safe_q[0] ; Clock        ; Clock       ; 1.000        ; 0.000      ; 3.235      ;
; -2.195 ; lpm_counter0:inst3|lpm_counter:LPM_COUNTER_component|cntr_6ni:auto_generated|safe_q[0] ; lpm_counter0:inst3|lpm_counter:LPM_COUNTER_component|cntr_6ni:auto_generated|safe_q[2] ; Clock        ; Clock       ; 1.000        ; 0.000      ; 3.235      ;
; -2.195 ; lpm_counter0:inst3|lpm_counter:LPM_COUNTER_component|cntr_6ni:auto_generated|safe_q[0] ; lpm_counter0:inst3|lpm_counter:LPM_COUNTER_component|cntr_6ni:auto_generated|safe_q[3] ; Clock        ; Clock       ; 1.000        ; 0.000      ; 3.235      ;
; -2.195 ; lpm_counter0:inst3|lpm_counter:LPM_COUNTER_component|cntr_6ni:auto_generated|safe_q[0] ; lpm_counter0:inst3|lpm_counter:LPM_COUNTER_component|cntr_6ni:auto_generated|safe_q[1] ; Clock        ; Clock       ; 1.000        ; 0.000      ; 3.235      ;
; -2.121 ; lpm_counter0:inst3|lpm_counter:LPM_COUNTER_component|cntr_6ni:auto_generated|safe_q[3] ; lpm_counter0:inst3|lpm_counter:LPM_COUNTER_component|cntr_6ni:auto_generated|safe_q[0] ; Clock        ; Clock       ; 1.000        ; 0.000      ; 3.161      ;
; -2.121 ; lpm_counter0:inst3|lpm_counter:LPM_COUNTER_component|cntr_6ni:auto_generated|safe_q[3] ; lpm_counter0:inst3|lpm_counter:LPM_COUNTER_component|cntr_6ni:auto_generated|safe_q[2] ; Clock        ; Clock       ; 1.000        ; 0.000      ; 3.161      ;
; -2.121 ; lpm_counter0:inst3|lpm_counter:LPM_COUNTER_component|cntr_6ni:auto_generated|safe_q[3] ; lpm_counter0:inst3|lpm_counter:LPM_COUNTER_component|cntr_6ni:auto_generated|safe_q[3] ; Clock        ; Clock       ; 1.000        ; 0.000      ; 3.161      ;
; -2.121 ; lpm_counter0:inst3|lpm_counter:LPM_COUNTER_component|cntr_6ni:auto_generated|safe_q[3] ; lpm_counter0:inst3|lpm_counter:LPM_COUNTER_component|cntr_6ni:auto_generated|safe_q[1] ; Clock        ; Clock       ; 1.000        ; 0.000      ; 3.161      ;
; -1.919 ; lpm_counter0:inst3|lpm_counter:LPM_COUNTER_component|cntr_6ni:auto_generated|safe_q[1] ; lpm_counter0:inst3|lpm_counter:LPM_COUNTER_component|cntr_6ni:auto_generated|safe_q[0] ; Clock        ; Clock       ; 1.000        ; 0.000      ; 2.959      ;
; -1.919 ; lpm_counter0:inst3|lpm_counter:LPM_COUNTER_component|cntr_6ni:auto_generated|safe_q[1] ; lpm_counter0:inst3|lpm_counter:LPM_COUNTER_component|cntr_6ni:auto_generated|safe_q[2] ; Clock        ; Clock       ; 1.000        ; 0.000      ; 2.959      ;
; -1.919 ; lpm_counter0:inst3|lpm_counter:LPM_COUNTER_component|cntr_6ni:auto_generated|safe_q[1] ; lpm_counter0:inst3|lpm_counter:LPM_COUNTER_component|cntr_6ni:auto_generated|safe_q[3] ; Clock        ; Clock       ; 1.000        ; 0.000      ; 2.959      ;
; -1.919 ; lpm_counter0:inst3|lpm_counter:LPM_COUNTER_component|cntr_6ni:auto_generated|safe_q[1] ; lpm_counter0:inst3|lpm_counter:LPM_COUNTER_component|cntr_6ni:auto_generated|safe_q[1] ; Clock        ; Clock       ; 1.000        ; 0.000      ; 2.959      ;
; -1.837 ; lpm_counter0:inst3|lpm_counter:LPM_COUNTER_component|cntr_6ni:auto_generated|safe_q[2] ; lpm_counter0:inst3|lpm_counter:LPM_COUNTER_component|cntr_6ni:auto_generated|safe_q[0] ; Clock        ; Clock       ; 1.000        ; 0.000      ; 2.877      ;
; -1.837 ; lpm_counter0:inst3|lpm_counter:LPM_COUNTER_component|cntr_6ni:auto_generated|safe_q[2] ; lpm_counter0:inst3|lpm_counter:LPM_COUNTER_component|cntr_6ni:auto_generated|safe_q[2] ; Clock        ; Clock       ; 1.000        ; 0.000      ; 2.877      ;
; -1.837 ; lpm_counter0:inst3|lpm_counter:LPM_COUNTER_component|cntr_6ni:auto_generated|safe_q[2] ; lpm_counter0:inst3|lpm_counter:LPM_COUNTER_component|cntr_6ni:auto_generated|safe_q[3] ; Clock        ; Clock       ; 1.000        ; 0.000      ; 2.877      ;
; -1.837 ; lpm_counter0:inst3|lpm_counter:LPM_COUNTER_component|cntr_6ni:auto_generated|safe_q[2] ; lpm_counter0:inst3|lpm_counter:LPM_COUNTER_component|cntr_6ni:auto_generated|safe_q[1] ; Clock        ; Clock       ; 1.000        ; 0.000      ; 2.877      ;
; -0.022 ; speed_loader:inst1|inst3                                                               ; speed_loader:inst1|inst5                                                               ; Clock        ; Clock       ; 1.000        ; 0.000      ; 1.062      ;
; 0.235  ; speed_loader:inst1|inst3                                                               ; speed_loader:inst1|inst3                                                               ; Clock        ; Clock       ; 1.000        ; 0.000      ; 0.805      ;
; 0.235  ; speed_loader:inst1|inst5                                                               ; speed_loader:inst1|inst5                                                               ; Clock        ; Clock       ; 1.000        ; 0.000      ; 0.805      ;
+--------+----------------------------------------------------------------------------------------+----------------------------------------------------------------------------------------+--------------+-------------+--------------+------------+------------+


+---------------------------------------------------------------------------------------------------------------------------------------------------------------------------------------------------------------------------------------------------------------+
; Slow Model Hold: 'Clock'                                                                                                                                                                                                                                      ;
+-------+----------------------------------------------------------------------------------------+----------------------------------------------------------------------------------------+--------------+-------------+--------------+------------+------------+
; Slack ; From Node                                                                              ; To Node                                                                                ; Launch Clock ; Latch Clock ; Relationship ; Clock Skew ; Data Delay ;
+-------+----------------------------------------------------------------------------------------+----------------------------------------------------------------------------------------+--------------+-------------+--------------+------------+------------+
; 0.499 ; speed_loader:inst1|inst3                                                               ; speed_loader:inst1|inst3                                                               ; Clock        ; Clock       ; 0.000        ; 0.000      ; 0.805      ;
; 0.499 ; speed_loader:inst1|inst5                                                               ; speed_loader:inst1|inst5                                                               ; Clock        ; Clock       ; 0.000        ; 0.000      ; 0.805      ;
; 0.756 ; speed_loader:inst1|inst3                                                               ; speed_loader:inst1|inst5                                                               ; Clock        ; Clock       ; 0.000        ; 0.000      ; 1.062      ;
; 0.760 ; lpm_counter0:inst3|lpm_counter:LPM_COUNTER_component|cntr_6ni:auto_generated|safe_q[3] ; lpm_counter0:inst3|lpm_counter:LPM_COUNTER_component|cntr_6ni:auto_generated|safe_q[3] ; Clock        ; Clock       ; 0.000        ; 0.000      ; 1.066      ;
; 1.164 ; lpm_counter0:inst3|lpm_counter:LPM_COUNTER_component|cntr_6ni:auto_generated|safe_q[1] ; lpm_counter0:inst3|lpm_counter:LPM_COUNTER_component|cntr_6ni:auto_generated|safe_q[1] ; Clock        ; Clock       ; 0.000        ; 0.000      ; 1.470      ;
; 1.248 ; lpm_counter0:inst3|lpm_counter:LPM_COUNTER_component|cntr_6ni:auto_generated|safe_q[2] ; lpm_counter0:inst3|lpm_counter:LPM_COUNTER_component|cntr_6ni:auto_generated|safe_q[2] ; Clock        ; Clock       ; 0.000        ; 0.000      ; 1.554      ;
; 1.263 ; lpm_counter0:inst3|lpm_counter:LPM_COUNTER_component|cntr_6ni:auto_generated|safe_q[0] ; lpm_counter0:inst3|lpm_counter:LPM_COUNTER_component|cntr_6ni:auto_generated|safe_q[0] ; Clock        ; Clock       ; 0.000        ; 0.000      ; 1.569      ;
; 1.728 ; lpm_counter0:inst3|lpm_counter:LPM_COUNTER_component|cntr_6ni:auto_generated|safe_q[2] ; lpm_counter0:inst3|lpm_counter:LPM_COUNTER_component|cntr_6ni:auto_generated|safe_q[3] ; Clock        ; Clock       ; 0.000        ; 0.000      ; 2.034      ;
; 1.739 ; lpm_counter0:inst3|lpm_counter:LPM_COUNTER_component|cntr_6ni:auto_generated|safe_q[0] ; lpm_counter0:inst3|lpm_counter:LPM_COUNTER_component|cntr_6ni:auto_generated|safe_q[1] ; Clock        ; Clock       ; 0.000        ; 0.000      ; 2.045      ;
; 1.753 ; lpm_counter0:inst3|lpm_counter:LPM_COUNTER_component|cntr_6ni:auto_generated|safe_q[1] ; lpm_counter0:inst3|lpm_counter:LPM_COUNTER_component|cntr_6ni:auto_generated|safe_q[2] ; Clock        ; Clock       ; 0.000        ; 0.000      ; 2.059      ;
; 1.839 ; lpm_counter0:inst3|lpm_counter:LPM_COUNTER_component|cntr_6ni:auto_generated|safe_q[1] ; lpm_counter0:inst3|lpm_counter:LPM_COUNTER_component|cntr_6ni:auto_generated|safe_q[3] ; Clock        ; Clock       ; 0.000        ; 0.000      ; 2.145      ;
; 1.929 ; lpm_counter0:inst3|lpm_counter:LPM_COUNTER_component|cntr_6ni:auto_generated|safe_q[0] ; lpm_counter0:inst3|lpm_counter:LPM_COUNTER_component|cntr_6ni:auto_generated|safe_q[2] ; Clock        ; Clock       ; 0.000        ; 0.000      ; 2.235      ;
; 2.015 ; lpm_counter0:inst3|lpm_counter:LPM_COUNTER_component|cntr_6ni:auto_generated|safe_q[0] ; lpm_counter0:inst3|lpm_counter:LPM_COUNTER_component|cntr_6ni:auto_generated|safe_q[3] ; Clock        ; Clock       ; 0.000        ; 0.000      ; 2.321      ;
; 2.571 ; lpm_counter0:inst3|lpm_counter:LPM_COUNTER_component|cntr_6ni:auto_generated|safe_q[2] ; lpm_counter0:inst3|lpm_counter:LPM_COUNTER_component|cntr_6ni:auto_generated|safe_q[0] ; Clock        ; Clock       ; 0.000        ; 0.000      ; 2.877      ;
; 2.571 ; lpm_counter0:inst3|lpm_counter:LPM_COUNTER_component|cntr_6ni:auto_generated|safe_q[2] ; lpm_counter0:inst3|lpm_counter:LPM_COUNTER_component|cntr_6ni:auto_generated|safe_q[1] ; Clock        ; Clock       ; 0.000        ; 0.000      ; 2.877      ;
; 2.653 ; lpm_counter0:inst3|lpm_counter:LPM_COUNTER_component|cntr_6ni:auto_generated|safe_q[1] ; lpm_counter0:inst3|lpm_counter:LPM_COUNTER_component|cntr_6ni:auto_generated|safe_q[0] ; Clock        ; Clock       ; 0.000        ; 0.000      ; 2.959      ;
; 2.855 ; lpm_counter0:inst3|lpm_counter:LPM_COUNTER_component|cntr_6ni:auto_generated|safe_q[3] ; lpm_counter0:inst3|lpm_counter:LPM_COUNTER_component|cntr_6ni:auto_generated|safe_q[0] ; Clock        ; Clock       ; 0.000        ; 0.000      ; 3.161      ;
; 2.855 ; lpm_counter0:inst3|lpm_counter:LPM_COUNTER_component|cntr_6ni:auto_generated|safe_q[3] ; lpm_counter0:inst3|lpm_counter:LPM_COUNTER_component|cntr_6ni:auto_generated|safe_q[2] ; Clock        ; Clock       ; 0.000        ; 0.000      ; 3.161      ;
; 2.855 ; lpm_counter0:inst3|lpm_counter:LPM_COUNTER_component|cntr_6ni:auto_generated|safe_q[3] ; lpm_counter0:inst3|lpm_counter:LPM_COUNTER_component|cntr_6ni:auto_generated|safe_q[1] ; Clock        ; Clock       ; 0.000        ; 0.000      ; 3.161      ;
+-------+----------------------------------------------------------------------------------------+----------------------------------------------------------------------------------------+--------------+-------------+--------------+------------+------------+


+-------------------------------------------------------------------------------------------------------------------------------------------------------------------------+
; Slow Model Minimum Pulse Width: 'Clock'                                                                                                                                 ;
+--------+--------------+----------------+------------------+-------+------------+----------------------------------------------------------------------------------------+
; Slack  ; Actual Width ; Required Width ; Type             ; Clock ; Clock Edge ; Target                                                                                 ;
+--------+--------------+----------------+------------------+-------+------------+----------------------------------------------------------------------------------------+
; -1.777 ; 1.000        ; 2.777          ; Port Rate        ; Clock ; Rise       ; Clock                                                                                  ;
; -0.742 ; 0.500        ; 1.242          ; High Pulse Width ; Clock ; Rise       ; lpm_counter0:inst3|lpm_counter:LPM_COUNTER_component|cntr_6ni:auto_generated|safe_q[0] ;
; -0.742 ; 0.500        ; 1.242          ; Low Pulse Width  ; Clock ; Rise       ; lpm_counter0:inst3|lpm_counter:LPM_COUNTER_component|cntr_6ni:auto_generated|safe_q[0] ;
; -0.742 ; 0.500        ; 1.242          ; High Pulse Width ; Clock ; Rise       ; lpm_counter0:inst3|lpm_counter:LPM_COUNTER_component|cntr_6ni:auto_generated|safe_q[1] ;
; -0.742 ; 0.500        ; 1.242          ; Low Pulse Width  ; Clock ; Rise       ; lpm_counter0:inst3|lpm_counter:LPM_COUNTER_component|cntr_6ni:auto_generated|safe_q[1] ;
; -0.742 ; 0.500        ; 1.242          ; High Pulse Width ; Clock ; Rise       ; lpm_counter0:inst3|lpm_counter:LPM_COUNTER_component|cntr_6ni:auto_generated|safe_q[2] ;
; -0.742 ; 0.500        ; 1.242          ; Low Pulse Width  ; Clock ; Rise       ; lpm_counter0:inst3|lpm_counter:LPM_COUNTER_component|cntr_6ni:auto_generated|safe_q[2] ;
; -0.742 ; 0.500        ; 1.242          ; High Pulse Width ; Clock ; Rise       ; lpm_counter0:inst3|lpm_counter:LPM_COUNTER_component|cntr_6ni:auto_generated|safe_q[3] ;
; -0.742 ; 0.500        ; 1.242          ; Low Pulse Width  ; Clock ; Rise       ; lpm_counter0:inst3|lpm_counter:LPM_COUNTER_component|cntr_6ni:auto_generated|safe_q[3] ;
; -0.742 ; 0.500        ; 1.242          ; High Pulse Width ; Clock ; Fall       ; speed_loader:inst1|inst3                                                               ;
; -0.742 ; 0.500        ; 1.242          ; Low Pulse Width  ; Clock ; Fall       ; speed_loader:inst1|inst3                                                               ;
; -0.742 ; 0.500        ; 1.242          ; High Pulse Width ; Clock ; Fall       ; speed_loader:inst1|inst5                                                               ;
; -0.742 ; 0.500        ; 1.242          ; Low Pulse Width  ; Clock ; Fall       ; speed_loader:inst1|inst5                                                               ;
; 0.500  ; 0.500        ; 0.000          ; High Pulse Width ; Clock ; Rise       ; Clock|combout                                                                          ;
; 0.500  ; 0.500        ; 0.000          ; Low Pulse Width  ; Clock ; Rise       ; Clock|combout                                                                          ;
; 0.500  ; 0.500        ; 0.000          ; High Pulse Width ; Clock ; Rise       ; inst1|inst3|clk                                                                        ;
; 0.500  ; 0.500        ; 0.000          ; Low Pulse Width  ; Clock ; Rise       ; inst1|inst3|clk                                                                        ;
; 0.500  ; 0.500        ; 0.000          ; High Pulse Width ; Clock ; Rise       ; inst1|inst5|clk                                                                        ;
; 0.500  ; 0.500        ; 0.000          ; Low Pulse Width  ; Clock ; Rise       ; inst1|inst5|clk                                                                        ;
; 0.500  ; 0.500        ; 0.000          ; High Pulse Width ; Clock ; Fall       ; inst1|inst|LPM_MUX_component|auto_generated|_~0|combout                                ;
; 0.500  ; 0.500        ; 0.000          ; Low Pulse Width  ; Clock ; Fall       ; inst1|inst|LPM_MUX_component|auto_generated|_~0|combout                                ;
; 0.500  ; 0.500        ; 0.000          ; High Pulse Width ; Clock ; Rise       ; inst1|inst|LPM_MUX_component|auto_generated|_~0|datab                                  ;
; 0.500  ; 0.500        ; 0.000          ; Low Pulse Width  ; Clock ; Rise       ; inst1|inst|LPM_MUX_component|auto_generated|_~0|datab                                  ;
; 0.500  ; 0.500        ; 0.000          ; High Pulse Width ; Clock ; Rise       ; inst1|inst|LPM_MUX_component|auto_generated|result_node[0]|combout                     ;
; 0.500  ; 0.500        ; 0.000          ; Low Pulse Width  ; Clock ; Rise       ; inst1|inst|LPM_MUX_component|auto_generated|result_node[0]|combout                     ;
; 0.500  ; 0.500        ; 0.000          ; High Pulse Width ; Clock ; Fall       ; inst1|inst|LPM_MUX_component|auto_generated|result_node[0]|datac                       ;
; 0.500  ; 0.500        ; 0.000          ; Low Pulse Width  ; Clock ; Fall       ; inst1|inst|LPM_MUX_component|auto_generated|result_node[0]|datac                       ;
; 0.500  ; 0.500        ; 0.000          ; High Pulse Width ; Clock ; Rise       ; inst3|LPM_COUNTER_component|auto_generated|counter_reg_bit1a[0]|clk                    ;
; 0.500  ; 0.500        ; 0.000          ; Low Pulse Width  ; Clock ; Rise       ; inst3|LPM_COUNTER_component|auto_generated|counter_reg_bit1a[0]|clk                    ;
; 0.500  ; 0.500        ; 0.000          ; High Pulse Width ; Clock ; Rise       ; inst3|LPM_COUNTER_component|auto_generated|counter_reg_bit1a[1]|clk                    ;
; 0.500  ; 0.500        ; 0.000          ; Low Pulse Width  ; Clock ; Rise       ; inst3|LPM_COUNTER_component|auto_generated|counter_reg_bit1a[1]|clk                    ;
; 0.500  ; 0.500        ; 0.000          ; High Pulse Width ; Clock ; Rise       ; inst3|LPM_COUNTER_component|auto_generated|counter_reg_bit1a[2]|clk                    ;
; 0.500  ; 0.500        ; 0.000          ; Low Pulse Width  ; Clock ; Rise       ; inst3|LPM_COUNTER_component|auto_generated|counter_reg_bit1a[2]|clk                    ;
; 0.500  ; 0.500        ; 0.000          ; High Pulse Width ; Clock ; Rise       ; inst3|LPM_COUNTER_component|auto_generated|counter_reg_bit1a[3]|clk                    ;
; 0.500  ; 0.500        ; 0.000          ; Low Pulse Width  ; Clock ; Rise       ; inst3|LPM_COUNTER_component|auto_generated|counter_reg_bit1a[3]|clk                    ;
+--------+--------------+----------------+------------------+-------+------------+----------------------------------------------------------------------------------------+


+--------------------------------------------------------------------------------------------------------------+
; Slow Model Minimum Pulse Width: 'SetCLOCK'                                                                   ;
+--------+--------------+----------------+------------------+----------+------------+--------------------------+
; Slack  ; Actual Width ; Required Width ; Type             ; Clock    ; Clock Edge ; Target                   ;
+--------+--------------+----------------+------------------+----------+------------+--------------------------+
; -1.777 ; 1.000        ; 2.777          ; Port Rate        ; SetCLOCK ; Rise       ; SetCLOCK                 ;
; 0.500  ; 0.500        ; 0.000          ; High Pulse Width ; SetCLOCK ; Rise       ; SetCLOCK|combout         ;
; 0.500  ; 0.500        ; 0.000          ; Low Pulse Width  ; SetCLOCK ; Rise       ; SetCLOCK|combout         ;
; 0.500  ; 0.500        ; 0.000          ; High Pulse Width ; SetCLOCK ; Rise       ; inst11|combout           ;
; 0.500  ; 0.500        ; 0.000          ; Low Pulse Width  ; SetCLOCK ; Rise       ; inst11|combout           ;
; 0.500  ; 0.500        ; 0.000          ; High Pulse Width ; SetCLOCK ; Rise       ; inst11|datac             ;
; 0.500  ; 0.500        ; 0.000          ; Low Pulse Width  ; SetCLOCK ; Rise       ; inst11|datac             ;
; 0.500  ; 0.500        ; 0.000          ; High Pulse Width ; SetCLOCK ; Rise       ; inst1|inst4|datad        ;
; 0.500  ; 0.500        ; 0.000          ; Low Pulse Width  ; SetCLOCK ; Rise       ; inst1|inst4|datad        ;
; 0.500  ; 0.500        ; 0.000          ; High Pulse Width ; SetCLOCK ; Rise       ; inst1|inst7|datad        ;
; 0.500  ; 0.500        ; 0.000          ; Low Pulse Width  ; SetCLOCK ; Rise       ; inst1|inst7|datad        ;
; 0.500  ; 0.500        ; 0.000          ; High Pulse Width ; SetCLOCK ; Fall       ; speed_loader:inst1|inst4 ;
; 0.500  ; 0.500        ; 0.000          ; Low Pulse Width  ; SetCLOCK ; Fall       ; speed_loader:inst1|inst4 ;
; 0.500  ; 0.500        ; 0.000          ; High Pulse Width ; SetCLOCK ; Fall       ; speed_loader:inst1|inst7 ;
; 0.500  ; 0.500        ; 0.000          ; Low Pulse Width  ; SetCLOCK ; Fall       ; speed_loader:inst1|inst7 ;
+--------+--------------+----------------+------------------+----------+------------+--------------------------+


+------------------------------------------------------------------------------------------------------------+
; Slow Model Minimum Pulse Width: 'SetDATA'                                                                  ;
+--------+--------------+----------------+------------------+---------+------------+-------------------------+
; Slack  ; Actual Width ; Required Width ; Type             ; Clock   ; Clock Edge ; Target                  ;
+--------+--------------+----------------+------------------+---------+------------+-------------------------+
; -1.777 ; 1.000        ; 2.777          ; Port Rate        ; SetDATA ; Rise       ; SetDATA                 ;
; 0.500  ; 0.500        ; 0.000          ; High Pulse Width ; SetDATA ; Rise       ; SetDATA|combout         ;
; 0.500  ; 0.500        ; 0.000          ; Low Pulse Width  ; SetDATA ; Rise       ; SetDATA|combout         ;
; 0.500  ; 0.500        ; 0.000          ; High Pulse Width ; SetDATA ; Fall       ; data_loader:inst|inst   ;
; 0.500  ; 0.500        ; 0.000          ; Low Pulse Width  ; SetDATA ; Fall       ; data_loader:inst|inst   ;
; 0.500  ; 0.500        ; 0.000          ; High Pulse Width ; SetDATA ; Fall       ; data_loader:inst|inst32 ;
; 0.500  ; 0.500        ; 0.000          ; Low Pulse Width  ; SetDATA ; Fall       ; data_loader:inst|inst32 ;
; 0.500  ; 0.500        ; 0.000          ; High Pulse Width ; SetDATA ; Fall       ; data_loader:inst|inst33 ;
; 0.500  ; 0.500        ; 0.000          ; Low Pulse Width  ; SetDATA ; Fall       ; data_loader:inst|inst33 ;
; 0.500  ; 0.500        ; 0.000          ; High Pulse Width ; SetDATA ; Fall       ; data_loader:inst|inst34 ;
; 0.500  ; 0.500        ; 0.000          ; Low Pulse Width  ; SetDATA ; Fall       ; data_loader:inst|inst34 ;
; 0.500  ; 0.500        ; 0.000          ; High Pulse Width ; SetDATA ; Fall       ; data_loader:inst|inst35 ;
; 0.500  ; 0.500        ; 0.000          ; Low Pulse Width  ; SetDATA ; Fall       ; data_loader:inst|inst35 ;
; 0.500  ; 0.500        ; 0.000          ; High Pulse Width ; SetDATA ; Fall       ; data_loader:inst|inst36 ;
; 0.500  ; 0.500        ; 0.000          ; Low Pulse Width  ; SetDATA ; Fall       ; data_loader:inst|inst36 ;
; 0.500  ; 0.500        ; 0.000          ; High Pulse Width ; SetDATA ; Fall       ; data_loader:inst|inst37 ;
; 0.500  ; 0.500        ; 0.000          ; Low Pulse Width  ; SetDATA ; Fall       ; data_loader:inst|inst37 ;
; 0.500  ; 0.500        ; 0.000          ; High Pulse Width ; SetDATA ; Fall       ; data_loader:inst|inst38 ;
; 0.500  ; 0.500        ; 0.000          ; Low Pulse Width  ; SetDATA ; Fall       ; data_loader:inst|inst38 ;
; 0.500  ; 0.500        ; 0.000          ; High Pulse Width ; SetDATA ; Fall       ; data_loader:inst|inst39 ;
; 0.500  ; 0.500        ; 0.000          ; Low Pulse Width  ; SetDATA ; Fall       ; data_loader:inst|inst39 ;
; 0.500  ; 0.500        ; 0.000          ; High Pulse Width ; SetDATA ; Fall       ; data_loader:inst|inst40 ;
; 0.500  ; 0.500        ; 0.000          ; Low Pulse Width  ; SetDATA ; Fall       ; data_loader:inst|inst40 ;
; 0.500  ; 0.500        ; 0.000          ; High Pulse Width ; SetDATA ; Fall       ; data_loader:inst|inst41 ;
; 0.500  ; 0.500        ; 0.000          ; Low Pulse Width  ; SetDATA ; Fall       ; data_loader:inst|inst41 ;
; 0.500  ; 0.500        ; 0.000          ; High Pulse Width ; SetDATA ; Fall       ; data_loader:inst|inst42 ;
; 0.500  ; 0.500        ; 0.000          ; Low Pulse Width  ; SetDATA ; Fall       ; data_loader:inst|inst42 ;
; 0.500  ; 0.500        ; 0.000          ; High Pulse Width ; SetDATA ; Rise       ; inst10|combout          ;
; 0.500  ; 0.500        ; 0.000          ; Low Pulse Width  ; SetDATA ; Rise       ; inst10|combout          ;
; 0.500  ; 0.500        ; 0.000          ; High Pulse Width ; SetDATA ; Rise       ; inst10|datac            ;
; 0.500  ; 0.500        ; 0.000          ; Low Pulse Width  ; SetDATA ; Rise       ; inst10|datac            ;
; 0.500  ; 0.500        ; 0.000          ; High Pulse Width ; SetDATA ; Rise       ; inst10~clkctrl|inclk[0] ;
; 0.500  ; 0.500        ; 0.000          ; Low Pulse Width  ; SetDATA ; Rise       ; inst10~clkctrl|inclk[0] ;
; 0.500  ; 0.500        ; 0.000          ; High Pulse Width ; SetDATA ; Rise       ; inst10~clkctrl|outclk   ;
; 0.500  ; 0.500        ; 0.000          ; Low Pulse Width  ; SetDATA ; Rise       ; inst10~clkctrl|outclk   ;
; 0.500  ; 0.500        ; 0.000          ; High Pulse Width ; SetDATA ; Rise       ; inst|inst32|datac       ;
; 0.500  ; 0.500        ; 0.000          ; Low Pulse Width  ; SetDATA ; Rise       ; inst|inst32|datac       ;
; 0.500  ; 0.500        ; 0.000          ; High Pulse Width ; SetDATA ; Rise       ; inst|inst33|datac       ;
; 0.500  ; 0.500        ; 0.000          ; Low Pulse Width  ; SetDATA ; Rise       ; inst|inst33|datac       ;
; 0.500  ; 0.500        ; 0.000          ; High Pulse Width ; SetDATA ; Rise       ; inst|inst34|datad       ;
; 0.500  ; 0.500        ; 0.000          ; Low Pulse Width  ; SetDATA ; Rise       ; inst|inst34|datad       ;
; 0.500  ; 0.500        ; 0.000          ; High Pulse Width ; SetDATA ; Rise       ; inst|inst35|datad       ;
; 0.500  ; 0.500        ; 0.000          ; Low Pulse Width  ; SetDATA ; Rise       ; inst|inst35|datad       ;
; 0.500  ; 0.500        ; 0.000          ; High Pulse Width ; SetDATA ; Rise       ; inst|inst36|datad       ;
; 0.500  ; 0.500        ; 0.000          ; Low Pulse Width  ; SetDATA ; Rise       ; inst|inst36|datad       ;
; 0.500  ; 0.500        ; 0.000          ; High Pulse Width ; SetDATA ; Rise       ; inst|inst37|datad       ;
; 0.500  ; 0.500        ; 0.000          ; Low Pulse Width  ; SetDATA ; Rise       ; inst|inst37|datad       ;
; 0.500  ; 0.500        ; 0.000          ; High Pulse Width ; SetDATA ; Rise       ; inst|inst38|datac       ;
; 0.500  ; 0.500        ; 0.000          ; Low Pulse Width  ; SetDATA ; Rise       ; inst|inst38|datac       ;
; 0.500  ; 0.500        ; 0.000          ; High Pulse Width ; SetDATA ; Rise       ; inst|inst39|datad       ;
; 0.500  ; 0.500        ; 0.000          ; Low Pulse Width  ; SetDATA ; Rise       ; inst|inst39|datad       ;
; 0.500  ; 0.500        ; 0.000          ; High Pulse Width ; SetDATA ; Rise       ; inst|inst40|datad       ;
; 0.500  ; 0.500        ; 0.000          ; Low Pulse Width  ; SetDATA ; Rise       ; inst|inst40|datad       ;
; 0.500  ; 0.500        ; 0.000          ; High Pulse Width ; SetDATA ; Rise       ; inst|inst41|datad       ;
; 0.500  ; 0.500        ; 0.000          ; Low Pulse Width  ; SetDATA ; Rise       ; inst|inst41|datad       ;
; 0.500  ; 0.500        ; 0.000          ; High Pulse Width ; SetDATA ; Rise       ; inst|inst42|datad       ;
; 0.500  ; 0.500        ; 0.000          ; Low Pulse Width  ; SetDATA ; Rise       ; inst|inst42|datad       ;
; 0.500  ; 0.500        ; 0.000          ; High Pulse Width ; SetDATA ; Rise       ; inst|inst|datad         ;
; 0.500  ; 0.500        ; 0.000          ; Low Pulse Width  ; SetDATA ; Rise       ; inst|inst|datad         ;
+--------+--------------+----------------+------------------+---------+------------+-------------------------+


+-------------------------------------------------------------------------+
; Setup Times                                                             ;
+-----------+------------+--------+--------+------------+-----------------+
; Data Port ; Clock Port ; Rise   ; Fall   ; Clock Edge ; Clock Reference ;
+-----------+------------+--------+--------+------------+-----------------+
; Start     ; Clock      ; 3.533  ; 3.533  ; Rise       ; Clock           ;
; Addr[*]   ; SetCLOCK   ; 5.788  ; 5.788  ; Fall       ; SetCLOCK        ;
;  Addr[0]  ; SetCLOCK   ; 5.358  ; 5.358  ; Fall       ; SetCLOCK        ;
;  Addr[1]  ; SetCLOCK   ; 5.788  ; 5.788  ; Fall       ; SetCLOCK        ;
; In[*]     ; SetDATA    ; 3.052  ; 3.052  ; Fall       ; SetDATA         ;
;  In[0]    ; SetDATA    ; 2.923  ; 2.923  ; Fall       ; SetDATA         ;
;  In[1]    ; SetDATA    ; 2.287  ; 2.287  ; Fall       ; SetDATA         ;
;  In[2]    ; SetDATA    ; 2.455  ; 2.455  ; Fall       ; SetDATA         ;
;  In[3]    ; SetDATA    ; 2.486  ; 2.486  ; Fall       ; SetDATA         ;
;  In[4]    ; SetDATA    ; 2.742  ; 2.742  ; Fall       ; SetDATA         ;
;  In[5]    ; SetDATA    ; 2.479  ; 2.479  ; Fall       ; SetDATA         ;
;  In[6]    ; SetDATA    ; -1.351 ; -1.351 ; Fall       ; SetDATA         ;
;  In[7]    ; SetDATA    ; -1.506 ; -1.506 ; Fall       ; SetDATA         ;
;  In[8]    ; SetDATA    ; -1.230 ; -1.230 ; Fall       ; SetDATA         ;
;  In[9]    ; SetDATA    ; 3.025  ; 3.025  ; Fall       ; SetDATA         ;
;  In[10]   ; SetDATA    ; 3.037  ; 3.037  ; Fall       ; SetDATA         ;
;  In[11]   ; SetDATA    ; 3.052  ; 3.052  ; Fall       ; SetDATA         ;
+-----------+------------+--------+--------+------------+-----------------+


+-------------------------------------------------------------------------+
; Hold Times                                                              ;
+-----------+------------+--------+--------+------------+-----------------+
; Data Port ; Clock Port ; Rise   ; Fall   ; Clock Edge ; Clock Reference ;
+-----------+------------+--------+--------+------------+-----------------+
; Start     ; Clock      ; -3.267 ; -3.267 ; Rise       ; Clock           ;
; Addr[*]   ; SetCLOCK   ; -4.400 ; -4.400 ; Fall       ; SetCLOCK        ;
;  Addr[0]  ; SetCLOCK   ; -4.400 ; -4.400 ; Fall       ; SetCLOCK        ;
;  Addr[1]  ; SetCLOCK   ; -4.527 ; -4.527 ; Fall       ; SetCLOCK        ;
; In[*]     ; SetDATA    ; 2.557  ; 2.557  ; Fall       ; SetDATA         ;
;  In[0]    ; SetDATA    ; -1.952 ; -1.952 ; Fall       ; SetDATA         ;
;  In[1]    ; SetDATA    ; -1.319 ; -1.319 ; Fall       ; SetDATA         ;
;  In[2]    ; SetDATA    ; -1.494 ; -1.494 ; Fall       ; SetDATA         ;
;  In[3]    ; SetDATA    ; -1.287 ; -1.287 ; Fall       ; SetDATA         ;
;  In[4]    ; SetDATA    ; -1.774 ; -1.774 ; Fall       ; SetDATA         ;
;  In[5]    ; SetDATA    ; -1.507 ; -1.507 ; Fall       ; SetDATA         ;
;  In[6]    ; SetDATA    ; 2.557  ; 2.557  ; Fall       ; SetDATA         ;
;  In[7]    ; SetDATA    ; 2.456  ; 2.456  ; Fall       ; SetDATA         ;
;  In[8]    ; SetDATA    ; 2.195  ; 2.195  ; Fall       ; SetDATA         ;
;  In[9]    ; SetDATA    ; -2.049 ; -2.049 ; Fall       ; SetDATA         ;
;  In[10]   ; SetDATA    ; -2.067 ; -2.067 ; Fall       ; SetDATA         ;
;  In[11]   ; SetDATA    ; -2.081 ; -2.081 ; Fall       ; SetDATA         ;
+-----------+------------+--------+--------+------------+-----------------+


+-------------------------------------------------------------------------+
; Clock to Output Times                                                   ;
+-----------+------------+--------+--------+------------+-----------------+
; Data Port ; Clock Port ; Rise   ; Fall   ; Clock Edge ; Clock Reference ;
+-----------+------------+--------+--------+------------+-----------------+
; Ready     ; Clock      ; 10.195 ; 10.195 ; Rise       ; Clock           ;
; Result    ; Clock      ; 15.287 ; 15.287 ; Rise       ; Clock           ;
; Result    ; SetDATA    ; 15.758 ; 15.758 ; Fall       ; SetDATA         ;
+-----------+------------+--------+--------+------------+-----------------+


+-------------------------------------------------------------------------+
; Minimum Clock to Output Times                                           ;
+-----------+------------+--------+--------+------------+-----------------+
; Data Port ; Clock Port ; Rise   ; Fall   ; Clock Edge ; Clock Reference ;
+-----------+------------+--------+--------+------------+-----------------+
; Ready     ; Clock      ; 9.837  ; 9.837  ; Rise       ; Clock           ;
; Result    ; Clock      ; 10.643 ; 10.643 ; Rise       ; Clock           ;
; Result    ; SetDATA    ; 12.238 ; 12.238 ; Fall       ; SetDATA         ;
+-----------+------------+--------+--------+------------+-----------------+


+--------------------------------+
; Fast Model Setup Summary       ;
+-------+--------+---------------+
; Clock ; Slack  ; End Point TNS ;
+-------+--------+---------------+
; Clock ; -0.122 ; -0.488        ;
+-------+--------+---------------+


+-------------------------------+
; Fast Model Hold Summary       ;
+-------+-------+---------------+
; Clock ; Slack ; End Point TNS ;
+-------+-------+---------------+
; Clock ; 0.215 ; 0.000         ;
+-------+-------+---------------+


-------------------------------
; Fast Model Recovery Summary ;
-------------------------------
No paths to report.


------------------------------
; Fast Model Removal Summary ;
------------------------------
No paths to report.


+----------------------------------------+
; Fast Model Minimum Pulse Width Summary ;
+----------+--------+--------------------+
; Clock    ; Slack  ; End Point TNS      ;
+----------+--------+--------------------+
; Clock    ; -1.222 ; -7.222             ;
; SetCLOCK ; -1.222 ; -1.222             ;
; SetDATA  ; -1.222 ; -1.222             ;
+----------+--------+--------------------+


+----------------------------------------------------------------------------------------------------------------------------------------------------------------------------------------------------------------------------------------------------------------+
; Fast Model Setup: 'Clock'                                                                                                                                                                                                                                      ;
+--------+----------------------------------------------------------------------------------------+----------------------------------------------------------------------------------------+--------------+-------------+--------------+------------+------------+
; Slack  ; From Node                                                                              ; To Node                                                                                ; Launch Clock ; Latch Clock ; Relationship ; Clock Skew ; Data Delay ;
+--------+----------------------------------------------------------------------------------------+----------------------------------------------------------------------------------------+--------------+-------------+--------------+------------+------------+
; -0.122 ; lpm_counter0:inst3|lpm_counter:LPM_COUNTER_component|cntr_6ni:auto_generated|safe_q[0] ; lpm_counter0:inst3|lpm_counter:LPM_COUNTER_component|cntr_6ni:auto_generated|safe_q[0] ; Clock        ; Clock       ; 1.000        ; 0.000      ; 1.154      ;
; -0.122 ; lpm_counter0:inst3|lpm_counter:LPM_COUNTER_component|cntr_6ni:auto_generated|safe_q[0] ; lpm_counter0:inst3|lpm_counter:LPM_COUNTER_component|cntr_6ni:auto_generated|safe_q[2] ; Clock        ; Clock       ; 1.000        ; 0.000      ; 1.154      ;
; -0.122 ; lpm_counter0:inst3|lpm_counter:LPM_COUNTER_component|cntr_6ni:auto_generated|safe_q[0] ; lpm_counter0:inst3|lpm_counter:LPM_COUNTER_component|cntr_6ni:auto_generated|safe_q[3] ; Clock        ; Clock       ; 1.000        ; 0.000      ; 1.154      ;
; -0.122 ; lpm_counter0:inst3|lpm_counter:LPM_COUNTER_component|cntr_6ni:auto_generated|safe_q[0] ; lpm_counter0:inst3|lpm_counter:LPM_COUNTER_component|cntr_6ni:auto_generated|safe_q[1] ; Clock        ; Clock       ; 1.000        ; 0.000      ; 1.154      ;
; -0.099 ; lpm_counter0:inst3|lpm_counter:LPM_COUNTER_component|cntr_6ni:auto_generated|safe_q[3] ; lpm_counter0:inst3|lpm_counter:LPM_COUNTER_component|cntr_6ni:auto_generated|safe_q[0] ; Clock        ; Clock       ; 1.000        ; 0.000      ; 1.131      ;
; -0.099 ; lpm_counter0:inst3|lpm_counter:LPM_COUNTER_component|cntr_6ni:auto_generated|safe_q[3] ; lpm_counter0:inst3|lpm_counter:LPM_COUNTER_component|cntr_6ni:auto_generated|safe_q[2] ; Clock        ; Clock       ; 1.000        ; 0.000      ; 1.131      ;
; -0.099 ; lpm_counter0:inst3|lpm_counter:LPM_COUNTER_component|cntr_6ni:auto_generated|safe_q[3] ; lpm_counter0:inst3|lpm_counter:LPM_COUNTER_component|cntr_6ni:auto_generated|safe_q[3] ; Clock        ; Clock       ; 1.000        ; 0.000      ; 1.131      ;
; -0.099 ; lpm_counter0:inst3|lpm_counter:LPM_COUNTER_component|cntr_6ni:auto_generated|safe_q[3] ; lpm_counter0:inst3|lpm_counter:LPM_COUNTER_component|cntr_6ni:auto_generated|safe_q[1] ; Clock        ; Clock       ; 1.000        ; 0.000      ; 1.131      ;
; -0.055 ; lpm_counter0:inst3|lpm_counter:LPM_COUNTER_component|cntr_6ni:auto_generated|safe_q[1] ; lpm_counter0:inst3|lpm_counter:LPM_COUNTER_component|cntr_6ni:auto_generated|safe_q[0] ; Clock        ; Clock       ; 1.000        ; 0.000      ; 1.087      ;
; -0.055 ; lpm_counter0:inst3|lpm_counter:LPM_COUNTER_component|cntr_6ni:auto_generated|safe_q[1] ; lpm_counter0:inst3|lpm_counter:LPM_COUNTER_component|cntr_6ni:auto_generated|safe_q[2] ; Clock        ; Clock       ; 1.000        ; 0.000      ; 1.087      ;
; -0.055 ; lpm_counter0:inst3|lpm_counter:LPM_COUNTER_component|cntr_6ni:auto_generated|safe_q[1] ; lpm_counter0:inst3|lpm_counter:LPM_COUNTER_component|cntr_6ni:auto_generated|safe_q[3] ; Clock        ; Clock       ; 1.000        ; 0.000      ; 1.087      ;
; -0.055 ; lpm_counter0:inst3|lpm_counter:LPM_COUNTER_component|cntr_6ni:auto_generated|safe_q[1] ; lpm_counter0:inst3|lpm_counter:LPM_COUNTER_component|cntr_6ni:auto_generated|safe_q[1] ; Clock        ; Clock       ; 1.000        ; 0.000      ; 1.087      ;
; -0.045 ; lpm_counter0:inst3|lpm_counter:LPM_COUNTER_component|cntr_6ni:auto_generated|safe_q[2] ; lpm_counter0:inst3|lpm_counter:LPM_COUNTER_component|cntr_6ni:auto_generated|safe_q[0] ; Clock        ; Clock       ; 1.000        ; 0.000      ; 1.077      ;
; -0.045 ; lpm_counter0:inst3|lpm_counter:LPM_COUNTER_component|cntr_6ni:auto_generated|safe_q[2] ; lpm_counter0:inst3|lpm_counter:LPM_COUNTER_component|cntr_6ni:auto_generated|safe_q[2] ; Clock        ; Clock       ; 1.000        ; 0.000      ; 1.077      ;
; -0.045 ; lpm_counter0:inst3|lpm_counter:LPM_COUNTER_component|cntr_6ni:auto_generated|safe_q[2] ; lpm_counter0:inst3|lpm_counter:LPM_COUNTER_component|cntr_6ni:auto_generated|safe_q[3] ; Clock        ; Clock       ; 1.000        ; 0.000      ; 1.077      ;
; -0.045 ; lpm_counter0:inst3|lpm_counter:LPM_COUNTER_component|cntr_6ni:auto_generated|safe_q[2] ; lpm_counter0:inst3|lpm_counter:LPM_COUNTER_component|cntr_6ni:auto_generated|safe_q[1] ; Clock        ; Clock       ; 1.000        ; 0.000      ; 1.077      ;
; 0.634  ; speed_loader:inst1|inst3                                                               ; speed_loader:inst1|inst5                                                               ; Clock        ; Clock       ; 1.000        ; 0.000      ; 0.398      ;
; 0.665  ; speed_loader:inst1|inst3                                                               ; speed_loader:inst1|inst3                                                               ; Clock        ; Clock       ; 1.000        ; 0.000      ; 0.367      ;
; 0.665  ; speed_loader:inst1|inst5                                                               ; speed_loader:inst1|inst5                                                               ; Clock        ; Clock       ; 1.000        ; 0.000      ; 0.367      ;
+--------+----------------------------------------------------------------------------------------+----------------------------------------------------------------------------------------+--------------+-------------+--------------+------------+------------+


+---------------------------------------------------------------------------------------------------------------------------------------------------------------------------------------------------------------------------------------------------------------+
; Fast Model Hold: 'Clock'                                                                                                                                                                                                                                      ;
+-------+----------------------------------------------------------------------------------------+----------------------------------------------------------------------------------------+--------------+-------------+--------------+------------+------------+
; Slack ; From Node                                                                              ; To Node                                                                                ; Launch Clock ; Latch Clock ; Relationship ; Clock Skew ; Data Delay ;
+-------+----------------------------------------------------------------------------------------+----------------------------------------------------------------------------------------+--------------+-------------+--------------+------------+------------+
; 0.215 ; speed_loader:inst1|inst3                                                               ; speed_loader:inst1|inst3                                                               ; Clock        ; Clock       ; 0.000        ; 0.000      ; 0.367      ;
; 0.215 ; speed_loader:inst1|inst5                                                               ; speed_loader:inst1|inst5                                                               ; Clock        ; Clock       ; 0.000        ; 0.000      ; 0.367      ;
; 0.246 ; lpm_counter0:inst3|lpm_counter:LPM_COUNTER_component|cntr_6ni:auto_generated|safe_q[3] ; lpm_counter0:inst3|lpm_counter:LPM_COUNTER_component|cntr_6ni:auto_generated|safe_q[3] ; Clock        ; Clock       ; 0.000        ; 0.000      ; 0.398      ;
; 0.246 ; speed_loader:inst1|inst3                                                               ; speed_loader:inst1|inst5                                                               ; Clock        ; Clock       ; 0.000        ; 0.000      ; 0.398      ;
; 0.356 ; lpm_counter0:inst3|lpm_counter:LPM_COUNTER_component|cntr_6ni:auto_generated|safe_q[1] ; lpm_counter0:inst3|lpm_counter:LPM_COUNTER_component|cntr_6ni:auto_generated|safe_q[1] ; Clock        ; Clock       ; 0.000        ; 0.000      ; 0.508      ;
; 0.384 ; lpm_counter0:inst3|lpm_counter:LPM_COUNTER_component|cntr_6ni:auto_generated|safe_q[2] ; lpm_counter0:inst3|lpm_counter:LPM_COUNTER_component|cntr_6ni:auto_generated|safe_q[2] ; Clock        ; Clock       ; 0.000        ; 0.000      ; 0.536      ;
; 0.388 ; lpm_counter0:inst3|lpm_counter:LPM_COUNTER_component|cntr_6ni:auto_generated|safe_q[0] ; lpm_counter0:inst3|lpm_counter:LPM_COUNTER_component|cntr_6ni:auto_generated|safe_q[0] ; Clock        ; Clock       ; 0.000        ; 0.000      ; 0.540      ;
; 0.524 ; lpm_counter0:inst3|lpm_counter:LPM_COUNTER_component|cntr_6ni:auto_generated|safe_q[2] ; lpm_counter0:inst3|lpm_counter:LPM_COUNTER_component|cntr_6ni:auto_generated|safe_q[3] ; Clock        ; Clock       ; 0.000        ; 0.000      ; 0.676      ;
; 0.528 ; lpm_counter0:inst3|lpm_counter:LPM_COUNTER_component|cntr_6ni:auto_generated|safe_q[0] ; lpm_counter0:inst3|lpm_counter:LPM_COUNTER_component|cntr_6ni:auto_generated|safe_q[1] ; Clock        ; Clock       ; 0.000        ; 0.000      ; 0.680      ;
; 0.549 ; lpm_counter0:inst3|lpm_counter:LPM_COUNTER_component|cntr_6ni:auto_generated|safe_q[1] ; lpm_counter0:inst3|lpm_counter:LPM_COUNTER_component|cntr_6ni:auto_generated|safe_q[2] ; Clock        ; Clock       ; 0.000        ; 0.000      ; 0.701      ;
; 0.584 ; lpm_counter0:inst3|lpm_counter:LPM_COUNTER_component|cntr_6ni:auto_generated|safe_q[1] ; lpm_counter0:inst3|lpm_counter:LPM_COUNTER_component|cntr_6ni:auto_generated|safe_q[3] ; Clock        ; Clock       ; 0.000        ; 0.000      ; 0.736      ;
; 0.622 ; lpm_counter0:inst3|lpm_counter:LPM_COUNTER_component|cntr_6ni:auto_generated|safe_q[0] ; lpm_counter0:inst3|lpm_counter:LPM_COUNTER_component|cntr_6ni:auto_generated|safe_q[2] ; Clock        ; Clock       ; 0.000        ; 0.000      ; 0.774      ;
; 0.657 ; lpm_counter0:inst3|lpm_counter:LPM_COUNTER_component|cntr_6ni:auto_generated|safe_q[0] ; lpm_counter0:inst3|lpm_counter:LPM_COUNTER_component|cntr_6ni:auto_generated|safe_q[3] ; Clock        ; Clock       ; 0.000        ; 0.000      ; 0.809      ;
; 0.925 ; lpm_counter0:inst3|lpm_counter:LPM_COUNTER_component|cntr_6ni:auto_generated|safe_q[2] ; lpm_counter0:inst3|lpm_counter:LPM_COUNTER_component|cntr_6ni:auto_generated|safe_q[0] ; Clock        ; Clock       ; 0.000        ; 0.000      ; 1.077      ;
; 0.925 ; lpm_counter0:inst3|lpm_counter:LPM_COUNTER_component|cntr_6ni:auto_generated|safe_q[2] ; lpm_counter0:inst3|lpm_counter:LPM_COUNTER_component|cntr_6ni:auto_generated|safe_q[1] ; Clock        ; Clock       ; 0.000        ; 0.000      ; 1.077      ;
; 0.935 ; lpm_counter0:inst3|lpm_counter:LPM_COUNTER_component|cntr_6ni:auto_generated|safe_q[1] ; lpm_counter0:inst3|lpm_counter:LPM_COUNTER_component|cntr_6ni:auto_generated|safe_q[0] ; Clock        ; Clock       ; 0.000        ; 0.000      ; 1.087      ;
; 0.979 ; lpm_counter0:inst3|lpm_counter:LPM_COUNTER_component|cntr_6ni:auto_generated|safe_q[3] ; lpm_counter0:inst3|lpm_counter:LPM_COUNTER_component|cntr_6ni:auto_generated|safe_q[0] ; Clock        ; Clock       ; 0.000        ; 0.000      ; 1.131      ;
; 0.979 ; lpm_counter0:inst3|lpm_counter:LPM_COUNTER_component|cntr_6ni:auto_generated|safe_q[3] ; lpm_counter0:inst3|lpm_counter:LPM_COUNTER_component|cntr_6ni:auto_generated|safe_q[2] ; Clock        ; Clock       ; 0.000        ; 0.000      ; 1.131      ;
; 0.979 ; lpm_counter0:inst3|lpm_counter:LPM_COUNTER_component|cntr_6ni:auto_generated|safe_q[3] ; lpm_counter0:inst3|lpm_counter:LPM_COUNTER_component|cntr_6ni:auto_generated|safe_q[1] ; Clock        ; Clock       ; 0.000        ; 0.000      ; 1.131      ;
+-------+----------------------------------------------------------------------------------------+----------------------------------------------------------------------------------------+--------------+-------------+--------------+------------+------------+


+-------------------------------------------------------------------------------------------------------------------------------------------------------------------------+
; Fast Model Minimum Pulse Width: 'Clock'                                                                                                                                 ;
+--------+--------------+----------------+------------------+-------+------------+----------------------------------------------------------------------------------------+
; Slack  ; Actual Width ; Required Width ; Type             ; Clock ; Clock Edge ; Target                                                                                 ;
+--------+--------------+----------------+------------------+-------+------------+----------------------------------------------------------------------------------------+
; -1.222 ; 1.000        ; 2.222          ; Port Rate        ; Clock ; Rise       ; Clock                                                                                  ;
; -0.500 ; 0.500        ; 1.000          ; High Pulse Width ; Clock ; Rise       ; lpm_counter0:inst3|lpm_counter:LPM_COUNTER_component|cntr_6ni:auto_generated|safe_q[0] ;
; -0.500 ; 0.500        ; 1.000          ; Low Pulse Width  ; Clock ; Rise       ; lpm_counter0:inst3|lpm_counter:LPM_COUNTER_component|cntr_6ni:auto_generated|safe_q[0] ;
; -0.500 ; 0.500        ; 1.000          ; High Pulse Width ; Clock ; Rise       ; lpm_counter0:inst3|lpm_counter:LPM_COUNTER_component|cntr_6ni:auto_generated|safe_q[1] ;
; -0.500 ; 0.500        ; 1.000          ; Low Pulse Width  ; Clock ; Rise       ; lpm_counter0:inst3|lpm_counter:LPM_COUNTER_component|cntr_6ni:auto_generated|safe_q[1] ;
; -0.500 ; 0.500        ; 1.000          ; High Pulse Width ; Clock ; Rise       ; lpm_counter0:inst3|lpm_counter:LPM_COUNTER_component|cntr_6ni:auto_generated|safe_q[2] ;
; -0.500 ; 0.500        ; 1.000          ; Low Pulse Width  ; Clock ; Rise       ; lpm_counter0:inst3|lpm_counter:LPM_COUNTER_component|cntr_6ni:auto_generated|safe_q[2] ;
; -0.500 ; 0.500        ; 1.000          ; High Pulse Width ; Clock ; Rise       ; lpm_counter0:inst3|lpm_counter:LPM_COUNTER_component|cntr_6ni:auto_generated|safe_q[3] ;
; -0.500 ; 0.500        ; 1.000          ; Low Pulse Width  ; Clock ; Rise       ; lpm_counter0:inst3|lpm_counter:LPM_COUNTER_component|cntr_6ni:auto_generated|safe_q[3] ;
; -0.500 ; 0.500        ; 1.000          ; High Pulse Width ; Clock ; Fall       ; speed_loader:inst1|inst3                                                               ;
; -0.500 ; 0.500        ; 1.000          ; Low Pulse Width  ; Clock ; Fall       ; speed_loader:inst1|inst3                                                               ;
; -0.500 ; 0.500        ; 1.000          ; High Pulse Width ; Clock ; Fall       ; speed_loader:inst1|inst5                                                               ;
; -0.500 ; 0.500        ; 1.000          ; Low Pulse Width  ; Clock ; Fall       ; speed_loader:inst1|inst5                                                               ;
; 0.500  ; 0.500        ; 0.000          ; High Pulse Width ; Clock ; Rise       ; Clock|combout                                                                          ;
; 0.500  ; 0.500        ; 0.000          ; Low Pulse Width  ; Clock ; Rise       ; Clock|combout                                                                          ;
; 0.500  ; 0.500        ; 0.000          ; High Pulse Width ; Clock ; Rise       ; inst1|inst3|clk                                                                        ;
; 0.500  ; 0.500        ; 0.000          ; Low Pulse Width  ; Clock ; Rise       ; inst1|inst3|clk                                                                        ;
; 0.500  ; 0.500        ; 0.000          ; High Pulse Width ; Clock ; Rise       ; inst1|inst5|clk                                                                        ;
; 0.500  ; 0.500        ; 0.000          ; Low Pulse Width  ; Clock ; Rise       ; inst1|inst5|clk                                                                        ;
; 0.500  ; 0.500        ; 0.000          ; High Pulse Width ; Clock ; Fall       ; inst1|inst|LPM_MUX_component|auto_generated|_~0|combout                                ;
; 0.500  ; 0.500        ; 0.000          ; Low Pulse Width  ; Clock ; Fall       ; inst1|inst|LPM_MUX_component|auto_generated|_~0|combout                                ;
; 0.500  ; 0.500        ; 0.000          ; High Pulse Width ; Clock ; Rise       ; inst1|inst|LPM_MUX_component|auto_generated|_~0|datab                                  ;
; 0.500  ; 0.500        ; 0.000          ; Low Pulse Width  ; Clock ; Rise       ; inst1|inst|LPM_MUX_component|auto_generated|_~0|datab                                  ;
; 0.500  ; 0.500        ; 0.000          ; High Pulse Width ; Clock ; Rise       ; inst1|inst|LPM_MUX_component|auto_generated|result_node[0]|combout                     ;
; 0.500  ; 0.500        ; 0.000          ; Low Pulse Width  ; Clock ; Rise       ; inst1|inst|LPM_MUX_component|auto_generated|result_node[0]|combout                     ;
; 0.500  ; 0.500        ; 0.000          ; High Pulse Width ; Clock ; Fall       ; inst1|inst|LPM_MUX_component|auto_generated|result_node[0]|datac                       ;
; 0.500  ; 0.500        ; 0.000          ; Low Pulse Width  ; Clock ; Fall       ; inst1|inst|LPM_MUX_component|auto_generated|result_node[0]|datac                       ;
; 0.500  ; 0.500        ; 0.000          ; High Pulse Width ; Clock ; Rise       ; inst3|LPM_COUNTER_component|auto_generated|counter_reg_bit1a[0]|clk                    ;
; 0.500  ; 0.500        ; 0.000          ; Low Pulse Width  ; Clock ; Rise       ; inst3|LPM_COUNTER_component|auto_generated|counter_reg_bit1a[0]|clk                    ;
; 0.500  ; 0.500        ; 0.000          ; High Pulse Width ; Clock ; Rise       ; inst3|LPM_COUNTER_component|auto_generated|counter_reg_bit1a[1]|clk                    ;
; 0.500  ; 0.500        ; 0.000          ; Low Pulse Width  ; Clock ; Rise       ; inst3|LPM_COUNTER_component|auto_generated|counter_reg_bit1a[1]|clk                    ;
; 0.500  ; 0.500        ; 0.000          ; High Pulse Width ; Clock ; Rise       ; inst3|LPM_COUNTER_component|auto_generated|counter_reg_bit1a[2]|clk                    ;
; 0.500  ; 0.500        ; 0.000          ; Low Pulse Width  ; Clock ; Rise       ; inst3|LPM_COUNTER_component|auto_generated|counter_reg_bit1a[2]|clk                    ;
; 0.500  ; 0.500        ; 0.000          ; High Pulse Width ; Clock ; Rise       ; inst3|LPM_COUNTER_component|auto_generated|counter_reg_bit1a[3]|clk                    ;
; 0.500  ; 0.500        ; 0.000          ; Low Pulse Width  ; Clock ; Rise       ; inst3|LPM_COUNTER_component|auto_generated|counter_reg_bit1a[3]|clk                    ;
+--------+--------------+----------------+------------------+-------+------------+----------------------------------------------------------------------------------------+


+--------------------------------------------------------------------------------------------------------------+
; Fast Model Minimum Pulse Width: 'SetCLOCK'                                                                   ;
+--------+--------------+----------------+------------------+----------+------------+--------------------------+
; Slack  ; Actual Width ; Required Width ; Type             ; Clock    ; Clock Edge ; Target                   ;
+--------+--------------+----------------+------------------+----------+------------+--------------------------+
; -1.222 ; 1.000        ; 2.222          ; Port Rate        ; SetCLOCK ; Rise       ; SetCLOCK                 ;
; 0.500  ; 0.500        ; 0.000          ; High Pulse Width ; SetCLOCK ; Rise       ; SetCLOCK|combout         ;
; 0.500  ; 0.500        ; 0.000          ; Low Pulse Width  ; SetCLOCK ; Rise       ; SetCLOCK|combout         ;
; 0.500  ; 0.500        ; 0.000          ; High Pulse Width ; SetCLOCK ; Rise       ; inst11|combout           ;
; 0.500  ; 0.500        ; 0.000          ; Low Pulse Width  ; SetCLOCK ; Rise       ; inst11|combout           ;
; 0.500  ; 0.500        ; 0.000          ; High Pulse Width ; SetCLOCK ; Rise       ; inst11|datac             ;
; 0.500  ; 0.500        ; 0.000          ; Low Pulse Width  ; SetCLOCK ; Rise       ; inst11|datac             ;
; 0.500  ; 0.500        ; 0.000          ; High Pulse Width ; SetCLOCK ; Rise       ; inst1|inst4|datad        ;
; 0.500  ; 0.500        ; 0.000          ; Low Pulse Width  ; SetCLOCK ; Rise       ; inst1|inst4|datad        ;
; 0.500  ; 0.500        ; 0.000          ; High Pulse Width ; SetCLOCK ; Rise       ; inst1|inst7|datad        ;
; 0.500  ; 0.500        ; 0.000          ; Low Pulse Width  ; SetCLOCK ; Rise       ; inst1|inst7|datad        ;
; 0.500  ; 0.500        ; 0.000          ; High Pulse Width ; SetCLOCK ; Fall       ; speed_loader:inst1|inst4 ;
; 0.500  ; 0.500        ; 0.000          ; Low Pulse Width  ; SetCLOCK ; Fall       ; speed_loader:inst1|inst4 ;
; 0.500  ; 0.500        ; 0.000          ; High Pulse Width ; SetCLOCK ; Fall       ; speed_loader:inst1|inst7 ;
; 0.500  ; 0.500        ; 0.000          ; Low Pulse Width  ; SetCLOCK ; Fall       ; speed_loader:inst1|inst7 ;
+--------+--------------+----------------+------------------+----------+------------+--------------------------+


+------------------------------------------------------------------------------------------------------------+
; Fast Model Minimum Pulse Width: 'SetDATA'                                                                  ;
+--------+--------------+----------------+------------------+---------+------------+-------------------------+
; Slack  ; Actual Width ; Required Width ; Type             ; Clock   ; Clock Edge ; Target                  ;
+--------+--------------+----------------+------------------+---------+------------+-------------------------+
; -1.222 ; 1.000        ; 2.222          ; Port Rate        ; SetDATA ; Rise       ; SetDATA                 ;
; 0.500  ; 0.500        ; 0.000          ; High Pulse Width ; SetDATA ; Rise       ; SetDATA|combout         ;
; 0.500  ; 0.500        ; 0.000          ; Low Pulse Width  ; SetDATA ; Rise       ; SetDATA|combout         ;
; 0.500  ; 0.500        ; 0.000          ; High Pulse Width ; SetDATA ; Fall       ; data_loader:inst|inst   ;
; 0.500  ; 0.500        ; 0.000          ; Low Pulse Width  ; SetDATA ; Fall       ; data_loader:inst|inst   ;
; 0.500  ; 0.500        ; 0.000          ; High Pulse Width ; SetDATA ; Fall       ; data_loader:inst|inst32 ;
; 0.500  ; 0.500        ; 0.000          ; Low Pulse Width  ; SetDATA ; Fall       ; data_loader:inst|inst32 ;
; 0.500  ; 0.500        ; 0.000          ; High Pulse Width ; SetDATA ; Fall       ; data_loader:inst|inst33 ;
; 0.500  ; 0.500        ; 0.000          ; Low Pulse Width  ; SetDATA ; Fall       ; data_loader:inst|inst33 ;
; 0.500  ; 0.500        ; 0.000          ; High Pulse Width ; SetDATA ; Fall       ; data_loader:inst|inst34 ;
; 0.500  ; 0.500        ; 0.000          ; Low Pulse Width  ; SetDATA ; Fall       ; data_loader:inst|inst34 ;
; 0.500  ; 0.500        ; 0.000          ; High Pulse Width ; SetDATA ; Fall       ; data_loader:inst|inst35 ;
; 0.500  ; 0.500        ; 0.000          ; Low Pulse Width  ; SetDATA ; Fall       ; data_loader:inst|inst35 ;
; 0.500  ; 0.500        ; 0.000          ; High Pulse Width ; SetDATA ; Fall       ; data_loader:inst|inst36 ;
; 0.500  ; 0.500        ; 0.000          ; Low Pulse Width  ; SetDATA ; Fall       ; data_loader:inst|inst36 ;
; 0.500  ; 0.500        ; 0.000          ; High Pulse Width ; SetDATA ; Fall       ; data_loader:inst|inst37 ;
; 0.500  ; 0.500        ; 0.000          ; Low Pulse Width  ; SetDATA ; Fall       ; data_loader:inst|inst37 ;
; 0.500  ; 0.500        ; 0.000          ; High Pulse Width ; SetDATA ; Fall       ; data_loader:inst|inst38 ;
; 0.500  ; 0.500        ; 0.000          ; Low Pulse Width  ; SetDATA ; Fall       ; data_loader:inst|inst38 ;
; 0.500  ; 0.500        ; 0.000          ; High Pulse Width ; SetDATA ; Fall       ; data_loader:inst|inst39 ;
; 0.500  ; 0.500        ; 0.000          ; Low Pulse Width  ; SetDATA ; Fall       ; data_loader:inst|inst39 ;
; 0.500  ; 0.500        ; 0.000          ; High Pulse Width ; SetDATA ; Fall       ; data_loader:inst|inst40 ;
; 0.500  ; 0.500        ; 0.000          ; Low Pulse Width  ; SetDATA ; Fall       ; data_loader:inst|inst40 ;
; 0.500  ; 0.500        ; 0.000          ; High Pulse Width ; SetDATA ; Fall       ; data_loader:inst|inst41 ;
; 0.500  ; 0.500        ; 0.000          ; Low Pulse Width  ; SetDATA ; Fall       ; data_loader:inst|inst41 ;
; 0.500  ; 0.500        ; 0.000          ; High Pulse Width ; SetDATA ; Fall       ; data_loader:inst|inst42 ;
; 0.500  ; 0.500        ; 0.000          ; Low Pulse Width  ; SetDATA ; Fall       ; data_loader:inst|inst42 ;
; 0.500  ; 0.500        ; 0.000          ; High Pulse Width ; SetDATA ; Rise       ; inst10|combout          ;
; 0.500  ; 0.500        ; 0.000          ; Low Pulse Width  ; SetDATA ; Rise       ; inst10|combout          ;
; 0.500  ; 0.500        ; 0.000          ; High Pulse Width ; SetDATA ; Rise       ; inst10|datac            ;
; 0.500  ; 0.500        ; 0.000          ; Low Pulse Width  ; SetDATA ; Rise       ; inst10|datac            ;
; 0.500  ; 0.500        ; 0.000          ; High Pulse Width ; SetDATA ; Rise       ; inst10~clkctrl|inclk[0] ;
; 0.500  ; 0.500        ; 0.000          ; Low Pulse Width  ; SetDATA ; Rise       ; inst10~clkctrl|inclk[0] ;
; 0.500  ; 0.500        ; 0.000          ; High Pulse Width ; SetDATA ; Rise       ; inst10~clkctrl|outclk   ;
; 0.500  ; 0.500        ; 0.000          ; Low Pulse Width  ; SetDATA ; Rise       ; inst10~clkctrl|outclk   ;
; 0.500  ; 0.500        ; 0.000          ; High Pulse Width ; SetDATA ; Rise       ; inst|inst32|datac       ;
; 0.500  ; 0.500        ; 0.000          ; Low Pulse Width  ; SetDATA ; Rise       ; inst|inst32|datac       ;
; 0.500  ; 0.500        ; 0.000          ; High Pulse Width ; SetDATA ; Rise       ; inst|inst33|datac       ;
; 0.500  ; 0.500        ; 0.000          ; Low Pulse Width  ; SetDATA ; Rise       ; inst|inst33|datac       ;
; 0.500  ; 0.500        ; 0.000          ; High Pulse Width ; SetDATA ; Rise       ; inst|inst34|datad       ;
; 0.500  ; 0.500        ; 0.000          ; Low Pulse Width  ; SetDATA ; Rise       ; inst|inst34|datad       ;
; 0.500  ; 0.500        ; 0.000          ; High Pulse Width ; SetDATA ; Rise       ; inst|inst35|datad       ;
; 0.500  ; 0.500        ; 0.000          ; Low Pulse Width  ; SetDATA ; Rise       ; inst|inst35|datad       ;
; 0.500  ; 0.500        ; 0.000          ; High Pulse Width ; SetDATA ; Rise       ; inst|inst36|datad       ;
; 0.500  ; 0.500        ; 0.000          ; Low Pulse Width  ; SetDATA ; Rise       ; inst|inst36|datad       ;
; 0.500  ; 0.500        ; 0.000          ; High Pulse Width ; SetDATA ; Rise       ; inst|inst37|datad       ;
; 0.500  ; 0.500        ; 0.000          ; Low Pulse Width  ; SetDATA ; Rise       ; inst|inst37|datad       ;
; 0.500  ; 0.500        ; 0.000          ; High Pulse Width ; SetDATA ; Rise       ; inst|inst38|datac       ;
; 0.500  ; 0.500        ; 0.000          ; Low Pulse Width  ; SetDATA ; Rise       ; inst|inst38|datac       ;
; 0.500  ; 0.500        ; 0.000          ; High Pulse Width ; SetDATA ; Rise       ; inst|inst39|datad       ;
; 0.500  ; 0.500        ; 0.000          ; Low Pulse Width  ; SetDATA ; Rise       ; inst|inst39|datad       ;
; 0.500  ; 0.500        ; 0.000          ; High Pulse Width ; SetDATA ; Rise       ; inst|inst40|datad       ;
; 0.500  ; 0.500        ; 0.000          ; Low Pulse Width  ; SetDATA ; Rise       ; inst|inst40|datad       ;
; 0.500  ; 0.500        ; 0.000          ; High Pulse Width ; SetDATA ; Rise       ; inst|inst41|datad       ;
; 0.500  ; 0.500        ; 0.000          ; Low Pulse Width  ; SetDATA ; Rise       ; inst|inst41|datad       ;
; 0.500  ; 0.500        ; 0.000          ; High Pulse Width ; SetDATA ; Rise       ; inst|inst42|datad       ;
; 0.500  ; 0.500        ; 0.000          ; Low Pulse Width  ; SetDATA ; Rise       ; inst|inst42|datad       ;
; 0.500  ; 0.500        ; 0.000          ; High Pulse Width ; SetDATA ; Rise       ; inst|inst|datad         ;
; 0.500  ; 0.500        ; 0.000          ; Low Pulse Width  ; SetDATA ; Rise       ; inst|inst|datad         ;
+--------+--------------+----------------+------------------+---------+------------+-------------------------+


+-------------------------------------------------------------------------+
; Setup Times                                                             ;
+-----------+------------+--------+--------+------------+-----------------+
; Data Port ; Clock Port ; Rise   ; Fall   ; Clock Edge ; Clock Reference ;
+-----------+------------+--------+--------+------------+-----------------+
; Start     ; Clock      ; 2.170  ; 2.170  ; Rise       ; Clock           ;
; Addr[*]   ; SetCLOCK   ; 2.774  ; 2.774  ; Fall       ; SetCLOCK        ;
;  Addr[0]  ; SetCLOCK   ; 2.686  ; 2.686  ; Fall       ; SetCLOCK        ;
;  Addr[1]  ; SetCLOCK   ; 2.774  ; 2.774  ; Fall       ; SetCLOCK        ;
; In[*]     ; SetDATA    ; 1.548  ; 1.548  ; Fall       ; SetDATA         ;
;  In[0]    ; SetDATA    ; 1.533  ; 1.533  ; Fall       ; SetDATA         ;
;  In[1]    ; SetDATA    ; 1.317  ; 1.317  ; Fall       ; SetDATA         ;
;  In[2]    ; SetDATA    ; 1.352  ; 1.352  ; Fall       ; SetDATA         ;
;  In[3]    ; SetDATA    ; 1.379  ; 1.379  ; Fall       ; SetDATA         ;
;  In[4]    ; SetDATA    ; 1.469  ; 1.469  ; Fall       ; SetDATA         ;
;  In[5]    ; SetDATA    ; 1.364  ; 1.364  ; Fall       ; SetDATA         ;
;  In[6]    ; SetDATA    ; -0.805 ; -0.805 ; Fall       ; SetDATA         ;
;  In[7]    ; SetDATA    ; -0.845 ; -0.845 ; Fall       ; SetDATA         ;
;  In[8]    ; SetDATA    ; -0.759 ; -0.759 ; Fall       ; SetDATA         ;
;  In[9]    ; SetDATA    ; 1.527  ; 1.527  ; Fall       ; SetDATA         ;
;  In[10]   ; SetDATA    ; 1.544  ; 1.544  ; Fall       ; SetDATA         ;
;  In[11]   ; SetDATA    ; 1.548  ; 1.548  ; Fall       ; SetDATA         ;
+-----------+------------+--------+--------+------------+-----------------+


+-------------------------------------------------------------------------+
; Hold Times                                                              ;
+-----------+------------+--------+--------+------------+-----------------+
; Data Port ; Clock Port ; Rise   ; Fall   ; Clock Edge ; Clock Reference ;
+-----------+------------+--------+--------+------------+-----------------+
; Start     ; Clock      ; -2.050 ; -2.050 ; Rise       ; Clock           ;
; Addr[*]   ; SetCLOCK   ; -2.408 ; -2.408 ; Fall       ; SetCLOCK        ;
;  Addr[0]  ; SetCLOCK   ; -2.408 ; -2.408 ; Fall       ; SetCLOCK        ;
;  Addr[1]  ; SetCLOCK   ; -2.415 ; -2.415 ; Fall       ; SetCLOCK        ;
; In[*]     ; SetDATA    ; 1.151  ; 1.151  ; Fall       ; SetDATA         ;
;  In[0]    ; SetDATA    ; -1.248 ; -1.248 ; Fall       ; SetDATA         ;
;  In[1]    ; SetDATA    ; -1.032 ; -1.032 ; Fall       ; SetDATA         ;
;  In[2]    ; SetDATA    ; -1.073 ; -1.073 ; Fall       ; SetDATA         ;
;  In[3]    ; SetDATA    ; -1.034 ; -1.034 ; Fall       ; SetDATA         ;
;  In[4]    ; SetDATA    ; -1.184 ; -1.184 ; Fall       ; SetDATA         ;
;  In[5]    ; SetDATA    ; -1.078 ; -1.078 ; Fall       ; SetDATA         ;
;  In[6]    ; SetDATA    ; 1.151  ; 1.151  ; Fall       ; SetDATA         ;
;  In[7]    ; SetDATA    ; 1.120  ; 1.120  ; Fall       ; SetDATA         ;
;  In[8]    ; SetDATA    ; 1.038  ; 1.038  ; Fall       ; SetDATA         ;
;  In[9]    ; SetDATA    ; -1.243 ; -1.243 ; Fall       ; SetDATA         ;
;  In[10]   ; SetDATA    ; -1.262 ; -1.262 ; Fall       ; SetDATA         ;
;  In[11]   ; SetDATA    ; -1.266 ; -1.266 ; Fall       ; SetDATA         ;
+-----------+------------+--------+--------+------------+-----------------+


+-----------------------------------------------------------------------+
; Clock to Output Times                                                 ;
+-----------+------------+-------+-------+------------+-----------------+
; Data Port ; Clock Port ; Rise  ; Fall  ; Clock Edge ; Clock Reference ;
+-----------+------------+-------+-------+------------+-----------------+
; Ready     ; Clock      ; 4.068 ; 4.068 ; Rise       ; Clock           ;
; Result    ; Clock      ; 5.594 ; 5.594 ; Rise       ; Clock           ;
; Result    ; SetDATA    ; 5.990 ; 5.990 ; Fall       ; SetDATA         ;
+-----------+------------+-------+-------+------------+-----------------+


+-----------------------------------------------------------------------+
; Minimum Clock to Output Times                                         ;
+-----------+------------+-------+-------+------------+-----------------+
; Data Port ; Clock Port ; Rise  ; Fall  ; Clock Edge ; Clock Reference ;
+-----------+------------+-------+-------+------------+-----------------+
; Ready     ; Clock      ; 3.991 ; 3.991 ; Rise       ; Clock           ;
; Result    ; Clock      ; 4.275 ; 4.275 ; Rise       ; Clock           ;
; Result    ; SetDATA    ; 4.982 ; 4.982 ; Fall       ; SetDATA         ;
+-----------+------------+-------+-------+------------+-----------------+


+------------------------------------------------------------------------------+
; Multicorner Timing Analysis Summary                                          ;
+------------------+--------+-------+----------+---------+---------------------+
; Clock            ; Setup  ; Hold  ; Recovery ; Removal ; Minimum Pulse Width ;
+------------------+--------+-------+----------+---------+---------------------+
; Worst-case Slack ; -2.195 ; 0.215 ; N/A      ; N/A     ; -1.777              ;
;  Clock           ; -2.195 ; 0.215 ; N/A      ; N/A     ; -1.777              ;
;  SetCLOCK        ; N/A    ; N/A   ; N/A      ; N/A     ; -1.777              ;
;  SetDATA         ; N/A    ; N/A   ; N/A      ; N/A     ; -1.777              ;
; Design-wide TNS  ; -8.802 ; 0.0   ; 0.0      ; 0.0     ; -14.235             ;
;  Clock           ; -8.802 ; 0.000 ; N/A      ; N/A     ; -10.681             ;
;  SetCLOCK        ; N/A    ; N/A   ; N/A      ; N/A     ; -1.777              ;
;  SetDATA         ; N/A    ; N/A   ; N/A      ; N/A     ; -1.777              ;
+------------------+--------+-------+----------+---------+---------------------+


+-------------------------------------------------------------------------+
; Setup Times                                                             ;
+-----------+------------+--------+--------+------------+-----------------+
; Data Port ; Clock Port ; Rise   ; Fall   ; Clock Edge ; Clock Reference ;
+-----------+------------+--------+--------+------------+-----------------+
; Start     ; Clock      ; 3.533  ; 3.533  ; Rise       ; Clock           ;
; Addr[*]   ; SetCLOCK   ; 5.788  ; 5.788  ; Fall       ; SetCLOCK        ;
;  Addr[0]  ; SetCLOCK   ; 5.358  ; 5.358  ; Fall       ; SetCLOCK        ;
;  Addr[1]  ; SetCLOCK   ; 5.788  ; 5.788  ; Fall       ; SetCLOCK        ;
; In[*]     ; SetDATA    ; 3.052  ; 3.052  ; Fall       ; SetDATA         ;
;  In[0]    ; SetDATA    ; 2.923  ; 2.923  ; Fall       ; SetDATA         ;
;  In[1]    ; SetDATA    ; 2.287  ; 2.287  ; Fall       ; SetDATA         ;
;  In[2]    ; SetDATA    ; 2.455  ; 2.455  ; Fall       ; SetDATA         ;
;  In[3]    ; SetDATA    ; 2.486  ; 2.486  ; Fall       ; SetDATA         ;
;  In[4]    ; SetDATA    ; 2.742  ; 2.742  ; Fall       ; SetDATA         ;
;  In[5]    ; SetDATA    ; 2.479  ; 2.479  ; Fall       ; SetDATA         ;
;  In[6]    ; SetDATA    ; -0.805 ; -0.805 ; Fall       ; SetDATA         ;
;  In[7]    ; SetDATA    ; -0.845 ; -0.845 ; Fall       ; SetDATA         ;
;  In[8]    ; SetDATA    ; -0.759 ; -0.759 ; Fall       ; SetDATA         ;
;  In[9]    ; SetDATA    ; 3.025  ; 3.025  ; Fall       ; SetDATA         ;
;  In[10]   ; SetDATA    ; 3.037  ; 3.037  ; Fall       ; SetDATA         ;
;  In[11]   ; SetDATA    ; 3.052  ; 3.052  ; Fall       ; SetDATA         ;
+-----------+------------+--------+--------+------------+-----------------+


+-------------------------------------------------------------------------+
; Hold Times                                                              ;
+-----------+------------+--------+--------+------------+-----------------+
; Data Port ; Clock Port ; Rise   ; Fall   ; Clock Edge ; Clock Reference ;
+-----------+------------+--------+--------+------------+-----------------+
; Start     ; Clock      ; -2.050 ; -2.050 ; Rise       ; Clock           ;
; Addr[*]   ; SetCLOCK   ; -2.408 ; -2.408 ; Fall       ; SetCLOCK        ;
;  Addr[0]  ; SetCLOCK   ; -2.408 ; -2.408 ; Fall       ; SetCLOCK        ;
;  Addr[1]  ; SetCLOCK   ; -2.415 ; -2.415 ; Fall       ; SetCLOCK        ;
; In[*]     ; SetDATA    ; 2.557  ; 2.557  ; Fall       ; SetDATA         ;
;  In[0]    ; SetDATA    ; -1.248 ; -1.248 ; Fall       ; SetDATA         ;
;  In[1]    ; SetDATA    ; -1.032 ; -1.032 ; Fall       ; SetDATA         ;
;  In[2]    ; SetDATA    ; -1.073 ; -1.073 ; Fall       ; SetDATA         ;
;  In[3]    ; SetDATA    ; -1.034 ; -1.034 ; Fall       ; SetDATA         ;
;  In[4]    ; SetDATA    ; -1.184 ; -1.184 ; Fall       ; SetDATA         ;
;  In[5]    ; SetDATA    ; -1.078 ; -1.078 ; Fall       ; SetDATA         ;
;  In[6]    ; SetDATA    ; 2.557  ; 2.557  ; Fall       ; SetDATA         ;
;  In[7]    ; SetDATA    ; 2.456  ; 2.456  ; Fall       ; SetDATA         ;
;  In[8]    ; SetDATA    ; 2.195  ; 2.195  ; Fall       ; SetDATA         ;
;  In[9]    ; SetDATA    ; -1.243 ; -1.243 ; Fall       ; SetDATA         ;
;  In[10]   ; SetDATA    ; -1.262 ; -1.262 ; Fall       ; SetDATA         ;
;  In[11]   ; SetDATA    ; -1.266 ; -1.266 ; Fall       ; SetDATA         ;
+-----------+------------+--------+--------+------------+-----------------+


+-------------------------------------------------------------------------+
; Clock to Output Times                                                   ;
+-----------+------------+--------+--------+------------+-----------------+
; Data Port ; Clock Port ; Rise   ; Fall   ; Clock Edge ; Clock Reference ;
+-----------+------------+--------+--------+------------+-----------------+
; Ready     ; Clock      ; 10.195 ; 10.195 ; Rise       ; Clock           ;
; Result    ; Clock      ; 15.287 ; 15.287 ; Rise       ; Clock           ;
; Result    ; SetDATA    ; 15.758 ; 15.758 ; Fall       ; SetDATA         ;
+-----------+------------+--------+--------+------------+-----------------+


+-----------------------------------------------------------------------+
; Minimum Clock to Output Times                                         ;
+-----------+------------+-------+-------+------------+-----------------+
; Data Port ; Clock Port ; Rise  ; Fall  ; Clock Edge ; Clock Reference ;
+-----------+------------+-------+-------+------------+-----------------+
; Ready     ; Clock      ; 3.991 ; 3.991 ; Rise       ; Clock           ;
; Result    ; Clock      ; 4.275 ; 4.275 ; Rise       ; Clock           ;
; Result    ; SetDATA    ; 4.982 ; 4.982 ; Fall       ; SetDATA         ;
+-----------+------------+-------+-------+------------+-----------------+


+-------------------------------------------------------------------+
; Setup Transfers                                                   ;
+------------+----------+----------+----------+----------+----------+
; From Clock ; To Clock ; RR Paths ; FR Paths ; RF Paths ; FF Paths ;
+------------+----------+----------+----------+----------+----------+
; Clock      ; Clock    ; 26       ; 0        ; 0        ; 3        ;
+------------+----------+----------+----------+----------+----------+
Entries labeled "false path" only account for clock-to-clock false paths and not path-based false paths. As a result, actual path counts may be lower than reported.


+-------------------------------------------------------------------+
; Hold Transfers                                                    ;
+------------+----------+----------+----------+----------+----------+
; From Clock ; To Clock ; RR Paths ; FR Paths ; RF Paths ; FF Paths ;
+------------+----------+----------+----------+----------+----------+
; Clock      ; Clock    ; 26       ; 0        ; 0        ; 3        ;
+------------+----------+----------+----------+----------+----------+
Entries labeled "false path" only account for clock-to-clock false paths and not path-based false paths. As a result, actual path counts may be lower than reported.


---------------
; Report TCCS ;
---------------
No dedicated SERDES Transmitter circuitry present in device or used in design


---------------
; Report RSKM ;
---------------
No dedicated SERDES Receiver circuitry present in device or used in design


+------------------------------------------------+
; Unconstrained Paths                            ;
+---------------------------------+-------+------+
; Property                        ; Setup ; Hold ;
+---------------------------------+-------+------+
; Illegal Clocks                  ; 0     ; 0    ;
; Unconstrained Clocks            ; 0     ; 0    ;
; Unconstrained Input Ports       ; 16    ; 16   ;
; Unconstrained Input Port Paths  ; 38    ; 38   ;
; Unconstrained Output Ports      ; 2     ; 2    ;
; Unconstrained Output Port Paths ; 20    ; 20   ;
+---------------------------------+-------+------+


+------------------------------------+
; TimeQuest Timing Analyzer Messages ;
+------------------------------------+
Info: *******************************************************************
Info: Running Quartus II 64-Bit TimeQuest Timing Analyzer
    Info: Version 13.0.1 Build 232 06/12/2013 Service Pack 1 SJ Web Edition
    Info: Processing started: Wed May 07 19:51:14 2025
Info: Command: quartus_sta scheme_mux -c scheme_mux
Info: qsta_default_script.tcl version: #1
Warning (20028): Parallel compilation is not licensed and has been disabled
Info (21077): Low junction temperature is 0 degrees C
Info (21077): High junction temperature is 85 degrees C
Warning (335093): TimeQuest Timing Analyzer is analyzing 14 combinational loops as latches.
Critical Warning (332012): Synopsys Design Constraints File file not found: 'scheme_mux.sdc'. A Synopsys Design Constraints File is required by the TimeQuest Timing Analyzer to get proper timing constraints. Without it, the Compiler will not properly optimize the design.
Info (332142): No user constrained base clocks found in the design. Calling "derive_clocks -period 1.0"
Info (332105): Deriving Clocks
    Info (332105): create_clock -period 1.000 -name Clock Clock
    Info (332105): create_clock -period 1.000 -name SetCLOCK SetCLOCK
    Info (332105): create_clock -period 1.000 -name SetDATA SetDATA
Info: Found TIMEQUEST_REPORT_SCRIPT_INCLUDE_DEFAULT_ANALYSIS = ON
Info: Analyzing Slow Model
Critical Warning (332148): Timing requirements not met
Info (332146): Worst-case setup slack is -2.195
    Info (332119):     Slack End Point TNS Clock 
    Info (332119): ========= ============= =====================
    Info (332119):    -2.195        -8.802 Clock 
Info (332146): Worst-case hold slack is 0.499
    Info (332119):     Slack End Point TNS Clock 
    Info (332119): ========= ============= =====================
    Info (332119):     0.499         0.000 Clock 
Info (332140): No Recovery paths to report
Info (332140): No Removal paths to report
Info (332146): Worst-case minimum pulse width slack is -1.777
    Info (332119):     Slack End Point TNS Clock 
    Info (332119): ========= ============= =====================
    Info (332119):    -1.777       -10.681 Clock 
    Info (332119):    -1.777        -1.777 SetCLOCK 
    Info (332119):    -1.777        -1.777 SetDATA 
Info (332001): The selected device family is not supported by the report_metastability command.
Info: Analyzing Fast Model
Critical Warning (332148): Timing requirements not met
Info (332146): Worst-case setup slack is -0.122
    Info (332119):     Slack End Point TNS Clock 
    Info (332119): ========= ============= =====================
    Info (332119):    -0.122        -0.488 Clock 
Info (332146): Worst-case hold slack is 0.215
    Info (332119):     Slack End Point TNS Clock 
    Info (332119): ========= ============= =====================
    Info (332119):     0.215         0.000 Clock 
Info (332140): No Recovery paths to report
Info (332140): No Removal paths to report
Info (332146): Worst-case minimum pulse width slack is -1.222
    Info (332119):     Slack End Point TNS Clock 
    Info (332119): ========= ============= =====================
    Info (332119):    -1.222        -7.222 Clock 
    Info (332119):    -1.222        -1.222 SetCLOCK 
    Info (332119):    -1.222        -1.222 SetDATA 
Info (332001): The selected device family is not supported by the report_metastability command.
Info (332102): Design is not fully constrained for setup requirements
Info (332102): Design is not fully constrained for hold requirements
Info: Quartus II 64-Bit TimeQuest Timing Analyzer was successful. 0 errors, 5 warnings
    Info: Peak virtual memory: 4530 megabytes
    Info: Processing ended: Wed May 07 19:51:15 2025
    Info: Elapsed time: 00:00:01
    Info: Total CPU time (on all processors): 00:00:01


