Analysis & Synthesis report for prom_mux
Thu May 29 00:48:14 2025
Quartus II 64-Bit Version 13.0.1 Build 232 06/12/2013 Service Pack 1 SJ Web Edition


---------------------
; Table of Contents ;
---------------------
  1. Legal Notice
  2. Analysis & Synthesis Summary
  3. Analysis & Synthesis Settings
  4. Parallel Compilation
  5. Analysis & Synthesis Source Files Read
  6. Analysis & Synthesis Resource Usage Summary
  7. Analysis & Synthesis Resource Utilization by Entity
  8. Analysis & Synthesis RAM Summary
  9. Analysis & Synthesis IP Cores Summary
 10. General Register Statistics
 11. Source assignments for LPM_ROM:inst|altrom:srom|altsyncram:rom_block|altsyncram_n201:auto_generated
 12. Parameter Settings for User Entity Instance: lpm_mux0:inst3|LPM_MUX:LPM_MUX_component
 13. Parameter Settings for User Entity Instance: LPM_ROM:inst
 14. Elapsed Time Per Partition
 15. Analysis & Synthesis Messages



----------------
; Legal Notice ;
----------------
Copyright (C) 1991-2013 Altera Corporation
Your use of Altera Corporation's design tools, logic functions 
and other software and tools, and its AMPP partner logic 
functions, and any output files from any of the foregoing 
(including device programming or simulation files), and any 
associated documentation or information are expressly subject 
to the terms and conditions of the Altera Program License 
Subscription Agreement, Altera MegaCore Function License 
Agreement, or other applicable license agreement, including, 
without limitation, that your use is for the sole purpose of 
programming logic devices manufactured by Altera and sold by 
Altera or its authorized distributors.  Please refer to the 
applicable agreement for further details.



+--------------------------------------------------------------------------------------+
; Analysis & Synthesis Summary                                                         ;
+------------------------------------+-------------------------------------------------+
; Analysis & Synthesis Status        ; Successful - Thu May 29 00:48:14 2025           ;
; Quartus II 64-Bit Version          ; 13.0.1 Build 232 06/12/2013 SP 1 SJ Web Edition ;
; Revision Name                      ; prom_mux                                        ;
; Top-level Entity Name              ; prom_mux                                        ;
; Family                             ; Cyclone II                                      ;
; Total logic elements               ; 18                                              ;
;     Total combinational functions  ; 18                                              ;
;     Dedicated logic registers      ; 0                                               ;
; Total registers                    ; 0                                               ;
; Total pins                         ; 10                                              ;
; Total virtual pins                 ; 0                                               ;
; Total memory bits                  ; 160                                             ;
; Embedded Multiplier 9-bit elements ; 0                                               ;
; Total PLLs                         ; 0                                               ;
+------------------------------------+-------------------------------------------------+


+----------------------------------------------------------------------------------------------------------------------+
; Analysis & Synthesis Settings                                                                                        ;
+----------------------------------------------------------------------------+--------------------+--------------------+
; Option                                                                     ; Setting            ; Default Value      ;
+----------------------------------------------------------------------------+--------------------+--------------------+
; Device                                                                     ; EP2C5Q208C8        ;                    ;
; Top-level entity name                                                      ; prom_mux           ; prom_mux           ;
; Family name                                                                ; Cyclone II         ; Cyclone IV GX      ;
; Use smart compilation                                                      ; Off                ; Off                ;
; Enable parallel Assembler and TimeQuest Timing Analyzer during compilation ; On                 ; On                 ;
; Enable compact report table                                                ; Off                ; Off                ;
; Restructure Multiplexers                                                   ; Auto               ; Auto               ;
; Create Debugging Nodes for IP Cores                                        ; Off                ; Off                ;
; Preserve fewer node names                                                  ; On                 ; On                 ;
; Disable OpenCore Plus hardware evaluation                                  ; Off                ; Off                ;
; Verilog Version                                                            ; Verilog_2001       ; Verilog_2001       ;
; VHDL Version                                                               ; VHDL_1993          ; VHDL_1993          ;
; State Machine Processing                                                   ; Auto               ; Auto               ;
; Safe State Machine                                                         ; Off                ; Off                ;
; Extract Verilog State Machines                                             ; On                 ; On                 ;
; Extract VHDL State Machines                                                ; On                 ; On                 ;
; Ignore Verilog initial constructs                                          ; Off                ; Off                ;
; Iteration limit for constant Verilog loops                                 ; 5000               ; 5000               ;
; Iteration limit for non-constant Verilog loops                             ; 250                ; 250                ;
; Add Pass-Through Logic to Inferred RAMs                                    ; On                 ; On                 ;
; Infer RAMs from Raw Logic                                                  ; On                 ; On                 ;
; Parallel Synthesis                                                         ; On                 ; On                 ;
; DSP Block Balancing                                                        ; Auto               ; Auto               ;
; NOT Gate Push-Back                                                         ; On                 ; On                 ;
; Power-Up Don't Care                                                        ; On                 ; On                 ;
; Remove Redundant Logic Cells                                               ; Off                ; Off                ;
; Remove Duplicate Registers                                                 ; On                 ; On                 ;
; Ignore CARRY Buffers                                                       ; Off                ; Off                ;
; Ignore CASCADE Buffers                                                     ; Off                ; Off                ;
; Ignore GLOBAL Buffers                                                      ; Off                ; Off                ;
; Ignore ROW GLOBAL Buffers                                                  ; Off                ; Off                ;
; Ignore LCELL Buffers                                                       ; Off                ; Off                ;
; Ignore SOFT Buffers                                                        ; On                 ; On                 ;
; Limit AHDL Integers to 32 Bits                                             ; Off                ; Off                ;
; Optimization Technique                                                     ; Balanced           ; Balanced           ;
; Carry Chain Length                                                         ; 70                 ; 70                 ;
; Auto Carry Chains                                                          ; On                 ; On                 ;
; Auto Open-Drain Pins                                                       ; On                 ; On                 ;
; Perform WYSIWYG Primitive Resynthesis                                      ; Off                ; Off                ;
; Auto ROM Replacement                                                       ; On                 ; On                 ;
; Auto RAM Replacement                                                       ; On                 ; On                 ;
; Auto Shift Register Replacement                                            ; Auto               ; Auto               ;
; Allow Shift Register Merging across Hierarchies                            ; Auto               ; Auto               ;
; Auto Clock Enable Replacement                                              ; On                 ; On                 ;
; Strict RAM Replacement                                                     ; Off                ; Off                ;
; Allow Synchronous Control Signals                                          ; On                 ; On                 ;
; Force Use of Synchronous Clear Signals                                     ; Off                ; Off                ;
; Auto RAM to Logic Cell Conversion                                          ; Off                ; Off                ;
; Auto Resource Sharing                                                      ; Off                ; Off                ;
; Allow Any RAM Size For Recognition                                         ; Off                ; Off                ;
; Allow Any ROM Size For Recognition                                         ; Off                ; Off                ;
; Allow Any Shift Register Size For Recognition                              ; Off                ; Off                ;
; Use LogicLock Constraints during Resource Balancing                        ; On                 ; On                 ;
; Ignore translate_off and synthesis_off directives                          ; Off                ; Off                ;
; Timing-Driven Synthesis                                                    ; Off                ; Off                ;
; Report Parameter Settings                                                  ; On                 ; On                 ;
; Report Source Assignments                                                  ; On                 ; On                 ;
; Report Connectivity Checks                                                 ; On                 ; On                 ;
; Ignore Maximum Fan-Out Assignments                                         ; Off                ; Off                ;
; Synchronization Register Chain Length                                      ; 2                  ; 2                  ;
; PowerPlay Power Optimization                                               ; Normal compilation ; Normal compilation ;
; HDL message level                                                          ; Level2             ; Level2             ;
; Suppress Register Optimization Related Messages                            ; Off                ; Off                ;
; Number of Removed Registers Reported in Synthesis Report                   ; 5000               ; 5000               ;
; Number of Swept Nodes Reported in Synthesis Report                         ; 5000               ; 5000               ;
; Number of Inverted Registers Reported in Synthesis Report                  ; 100                ; 100                ;
; Clock MUX Protection                                                       ; On                 ; On                 ;
; Auto Gated Clock Conversion                                                ; Off                ; Off                ;
; Block Design Naming                                                        ; Auto               ; Auto               ;
; SDC constraint protection                                                  ; Off                ; Off                ;
; Synthesis Effort                                                           ; Auto               ; Auto               ;
; Shift Register Replacement - Allow Asynchronous Clear Signal               ; On                 ; On                 ;
; Pre-Mapping Resynthesis Optimization                                       ; Off                ; Off                ;
; Analysis & Synthesis Message Level                                         ; Medium             ; Medium             ;
; Disable Register Merging Across Hierarchies                                ; Auto               ; Auto               ;
; Resource Aware Inference For Block RAM                                     ; On                 ; On                 ;
; Synthesis Seed                                                             ; 1                  ; 1                  ;
+----------------------------------------------------------------------------+--------------------+--------------------+


Parallel compilation was disabled, but you have multiple processors available. Enable parallel compilation to reduce compilation time.
+-------------------------------------+
; Parallel Compilation                ;
+----------------------------+--------+
; Processors                 ; Number ;
+----------------------------+--------+
; Number detected on machine ; 8      ;
; Maximum allowed            ; 1      ;
+----------------------------+--------+


+-------------------------------------------------------------------------------------------------------------------------------------------------------------------------------------------+
; Analysis & Synthesis Source Files Read                                                                                                                                                    ;
+----------------------------------+-----------------+----------------------------------------+-----------------------------------------------------------------------------------+---------+
; File Name with User-Entered Path ; Used in Netlist ; File Type                              ; File Name with Absolute Path                                                      ; Library ;
+----------------------------------+-----------------+----------------------------------------+-----------------------------------------------------------------------------------+---------+
; prom_mux.bdf                     ; yes             ; User Block Diagram/Schematic File      ; D:/Student/6sem/ElBCS/dollars/melikhov_course/prom_mux/prom_mux.bdf               ;         ;
; lpm_mux0.vhd                     ; yes             ; Auto-Found Wizard-Generated File       ; D:/Student/6sem/ElBCS/dollars/melikhov_course/prom_mux/lpm_mux0.vhd               ;         ;
; lpm_mux.tdf                      ; yes             ; Megafunction                           ; d:/student/programm/quartus/quartus/libraries/megafunctions/lpm_mux.tdf           ;         ;
; aglobal130.inc                   ; yes             ; Megafunction                           ; d:/student/programm/quartus/quartus/libraries/megafunctions/aglobal130.inc        ;         ;
; muxlut.inc                       ; yes             ; Megafunction                           ; d:/student/programm/quartus/quartus/libraries/megafunctions/muxlut.inc            ;         ;
; bypassff.inc                     ; yes             ; Megafunction                           ; d:/student/programm/quartus/quartus/libraries/megafunctions/bypassff.inc          ;         ;
; altshift.inc                     ; yes             ; Megafunction                           ; d:/student/programm/quartus/quartus/libraries/megafunctions/altshift.inc          ;         ;
; db/mux_k4e.tdf                   ; yes             ; Auto-Generated Megafunction            ; D:/Student/6sem/ElBCS/dollars/melikhov_course/prom_mux/db/mux_k4e.tdf             ;         ;
; lpm_rom.tdf                      ; yes             ; Megafunction                           ; d:/student/programm/quartus/quartus/libraries/megafunctions/lpm_rom.tdf           ;         ;
; altrom.inc                       ; yes             ; Megafunction                           ; d:/student/programm/quartus/quartus/libraries/megafunctions/altrom.inc            ;         ;
; altrom.tdf                       ; yes             ; Megafunction                           ; d:/student/programm/quartus/quartus/libraries/megafunctions/altrom.tdf            ;         ;
; memmodes.inc                     ; yes             ; Megafunction                           ; d:/student/programm/quartus/quartus/libraries/others/maxplus2/memmodes.inc        ;         ;
; lpm_decode.inc                   ; yes             ; Megafunction                           ; d:/student/programm/quartus/quartus/libraries/megafunctions/lpm_decode.inc        ;         ;
; lpm_mux.inc                      ; yes             ; Megafunction                           ; d:/student/programm/quartus/quartus/libraries/megafunctions/lpm_mux.inc           ;         ;
; altsyncram.inc                   ; yes             ; Megafunction                           ; d:/student/programm/quartus/quartus/libraries/megafunctions/altsyncram.inc        ;         ;
; altsyncram.tdf                   ; yes             ; Megafunction                           ; d:/student/programm/quartus/quartus/libraries/megafunctions/altsyncram.tdf        ;         ;
; stratix_ram_block.inc            ; yes             ; Megafunction                           ; d:/student/programm/quartus/quartus/libraries/megafunctions/stratix_ram_block.inc ;         ;
; a_rdenreg.inc                    ; yes             ; Megafunction                           ; d:/student/programm/quartus/quartus/libraries/megafunctions/a_rdenreg.inc         ;         ;
; altram.inc                       ; yes             ; Megafunction                           ; d:/student/programm/quartus/quartus/libraries/megafunctions/altram.inc            ;         ;
; altdpram.inc                     ; yes             ; Megafunction                           ; d:/student/programm/quartus/quartus/libraries/megafunctions/altdpram.inc          ;         ;
; db/altsyncram_n201.tdf           ; yes             ; Auto-Generated Megafunction            ; D:/Student/6sem/ElBCS/dollars/melikhov_course/prom_mux/db/altsyncram_n201.tdf     ;         ;
; memory.mif                       ; yes             ; Auto-Found Memory Initialization File  ; D:/Student/6sem/ElBCS/dollars/melikhov_course/prom_mux/memory.mif                 ;         ;
+----------------------------------+-----------------+----------------------------------------+-----------------------------------------------------------------------------------+---------+


+-----------------------------------------------------+
; Analysis & Synthesis Resource Usage Summary         ;
+---------------------------------------------+-------+
; Resource                                    ; Usage ;
+---------------------------------------------+-------+
; Estimated Total logic elements              ; 18    ;
;                                             ;       ;
; Total combinational functions               ; 18    ;
; Logic element usage by number of LUT inputs ;       ;
;     -- 4 input functions                    ; 15    ;
;     -- 3 input functions                    ; 2     ;
;     -- <=2 input functions                  ; 1     ;
;                                             ;       ;
; Logic elements by mode                      ;       ;
;     -- normal mode                          ; 18    ;
;     -- arithmetic mode                      ; 0     ;
;                                             ;       ;
; Total registers                             ; 0     ;
;     -- Dedicated logic registers            ; 0     ;
;     -- I/O registers                        ; 0     ;
;                                             ;       ;
; I/O pins                                    ; 10    ;
; Total memory bits                           ; 160   ;
; Embedded Multiplier 9-bit elements          ; 0     ;
; Maximum fan-out node                        ; Clock ;
; Maximum fan-out                             ; 23    ;
; Total fan-out                               ; 149   ;
; Average fan-out                             ; 3.10  ;
+---------------------------------------------+-------+


+------------------------------------------------------------------------------------------------------------------------------------------------------------------------------------------------------------------------------------------------------------------+
; Analysis & Synthesis Resource Utilization by Entity                                                                                                                                                                                                              ;
+----------------------------------------------+-------------------+--------------+-------------+--------------+---------+-----------+------+--------------+----------------------------------------------------------------------------------------+--------------+
; Compilation Hierarchy Node                   ; LC Combinationals ; LC Registers ; Memory Bits ; DSP Elements ; DSP 9x9 ; DSP 18x18 ; Pins ; Virtual Pins ; Full Hierarchy Name                                                                    ; Library Name ;
+----------------------------------------------+-------------------+--------------+-------------+--------------+---------+-----------+------+--------------+----------------------------------------------------------------------------------------+--------------+
; |prom_mux                                    ; 18 (12)           ; 0 (0)        ; 160         ; 0            ; 0       ; 0         ; 10   ; 0            ; |prom_mux                                                                              ; work         ;
;    |lpm_mux0:inst3|                          ; 6 (0)             ; 0 (0)        ; 0           ; 0            ; 0       ; 0         ; 0    ; 0            ; |prom_mux|lpm_mux0:inst3                                                               ; work         ;
;       |lpm_mux:LPM_MUX_component|            ; 6 (0)             ; 0 (0)        ; 0           ; 0            ; 0       ; 0         ; 0    ; 0            ; |prom_mux|lpm_mux0:inst3|lpm_mux:LPM_MUX_component                                     ; work         ;
;          |mux_k4e:auto_generated|            ; 6 (6)             ; 0 (0)        ; 0           ; 0            ; 0       ; 0         ; 0    ; 0            ; |prom_mux|lpm_mux0:inst3|lpm_mux:LPM_MUX_component|mux_k4e:auto_generated              ; work         ;
;    |lpm_rom:inst|                            ; 0 (0)             ; 0 (0)        ; 160         ; 0            ; 0       ; 0         ; 0    ; 0            ; |prom_mux|lpm_rom:inst                                                                 ; work         ;
;       |altrom:srom|                          ; 0 (0)             ; 0 (0)        ; 160         ; 0            ; 0       ; 0         ; 0    ; 0            ; |prom_mux|lpm_rom:inst|altrom:srom                                                     ; work         ;
;          |altsyncram:rom_block|              ; 0 (0)             ; 0 (0)        ; 160         ; 0            ; 0       ; 0         ; 0    ; 0            ; |prom_mux|lpm_rom:inst|altrom:srom|altsyncram:rom_block                                ; work         ;
;             |altsyncram_n201:auto_generated| ; 0 (0)             ; 0 (0)        ; 160         ; 0            ; 0       ; 0         ; 0    ; 0            ; |prom_mux|lpm_rom:inst|altrom:srom|altsyncram:rom_block|altsyncram_n201:auto_generated ; work         ;
+----------------------------------------------+-------------------+--------------+-------------+--------------+---------+-----------+------+--------------+----------------------------------------------------------------------------------------+--------------+
Note: For table entries with two numbers listed, the numbers in parentheses indicate the number of resources of the given type used by the specific entity alone. The numbers listed outside of parentheses indicate the total resources of the given type used by the specific entity and all of its sub-entities in the hierarchy.


+---------------------------------------------------------------------------------------------------------------------------------------------------------------------------------------+
; Analysis & Synthesis RAM Summary                                                                                                                                                      ;
+-----------------------------------------------------------------------------------------+------+------+--------------+--------------+--------------+--------------+------+------------+
; Name                                                                                    ; Type ; Mode ; Port A Depth ; Port A Width ; Port B Depth ; Port B Width ; Size ; MIF        ;
+-----------------------------------------------------------------------------------------+------+------+--------------+--------------+--------------+--------------+------+------------+
; lpm_rom:inst|altrom:srom|altsyncram:rom_block|altsyncram_n201:auto_generated|ALTSYNCRAM ; AUTO ; ROM  ; 8            ; 20           ; --           ; --           ; 160  ; memory.mif ;
+-----------------------------------------------------------------------------------------+------+------+--------------+--------------+--------------+--------------+------+------------+


+----------------------------------------------------------------------------------------------------------------------------------------------------------------+
; Analysis & Synthesis IP Cores Summary                                                                                                                          ;
+--------+--------------+---------+--------------+--------------+--------------------------+---------------------------------------------------------------------+
; Vendor ; IP Core Name ; Version ; Release Date ; License Type ; Entity Instance          ; IP Include File                                                     ;
+--------+--------------+---------+--------------+--------------+--------------------------+---------------------------------------------------------------------+
; Altera ; LPM_MUX      ; N/A     ; N/A          ; N/A          ; |prom_mux|lpm_mux0:inst3 ; D:/Student/6sem/ElBCS/dollars/melikhov_course/prom_mux/lpm_mux0.vhd ;
+--------+--------------+---------+--------------+--------------+--------------------------+---------------------------------------------------------------------+


+------------------------------------------------------+
; General Register Statistics                          ;
+----------------------------------------------+-------+
; Statistic                                    ; Value ;
+----------------------------------------------+-------+
; Total registers                              ; 0     ;
; Number of registers using Synchronous Clear  ; 0     ;
; Number of registers using Synchronous Load   ; 0     ;
; Number of registers using Asynchronous Clear ; 0     ;
; Number of registers using Asynchronous Load  ; 0     ;
; Number of registers using Clock Enable       ; 0     ;
; Number of registers using Preset             ; 0     ;
+----------------------------------------------+-------+


+-----------------------------------------------------------------------------------------------------+
; Source assignments for LPM_ROM:inst|altrom:srom|altsyncram:rom_block|altsyncram_n201:auto_generated ;
+---------------------------------+--------------------+------+---------------------------------------+
; Assignment                      ; Value              ; From ; To                                    ;
+---------------------------------+--------------------+------+---------------------------------------+
; OPTIMIZE_POWER_DURING_SYNTHESIS ; NORMAL_COMPILATION ; -    ; -                                     ;
+---------------------------------+--------------------+------+---------------------------------------+


+---------------------------------------------------------------------------------------+
; Parameter Settings for User Entity Instance: lpm_mux0:inst3|LPM_MUX:LPM_MUX_component ;
+------------------------+------------+-------------------------------------------------+
; Parameter Name         ; Value      ; Type                                            ;
+------------------------+------------+-------------------------------------------------+
; AUTO_CARRY_CHAINS      ; ON         ; AUTO_CARRY                                      ;
; IGNORE_CARRY_BUFFERS   ; OFF        ; IGNORE_CARRY                                    ;
; AUTO_CASCADE_CHAINS    ; ON         ; AUTO_CASCADE                                    ;
; IGNORE_CASCADE_BUFFERS ; OFF        ; IGNORE_CASCADE                                  ;
; LPM_WIDTH              ; 1          ; Signed Integer                                  ;
; LPM_SIZE               ; 20         ; Signed Integer                                  ;
; LPM_WIDTHS             ; 5          ; Signed Integer                                  ;
; LPM_PIPELINE           ; 0          ; Signed Integer                                  ;
; CBXI_PARAMETER         ; mux_k4e    ; Untyped                                         ;
; DEVICE_FAMILY          ; Cyclone II ; Untyped                                         ;
+------------------------+------------+-------------------------------------------------+
Note: In order to hide this table in the UI and the text report file, please set the "Show Parameter Settings in Synthesis Report" option in "Analysis and Synthesis Settings -> More Settings" to "Off".


+-----------------------------------------------------------+
; Parameter Settings for User Entity Instance: LPM_ROM:inst ;
+------------------------+--------------+-------------------+
; Parameter Name         ; Value        ; Type              ;
+------------------------+--------------+-------------------+
; LPM_WIDTH              ; 20           ; Untyped           ;
; LPM_WIDTHAD            ; 3            ; Untyped           ;
; LPM_NUMWORDS           ; 8            ; Untyped           ;
; LPM_ADDRESS_CONTROL    ; REGISTERED   ; Untyped           ;
; LPM_OUTDATA            ; UNREGISTERED ; Untyped           ;
; LPM_FILE               ; memory.mif   ; Untyped           ;
; DEVICE_FAMILY          ; Cyclone II   ; Untyped           ;
; AUTO_CARRY_CHAINS      ; ON           ; AUTO_CARRY        ;
; IGNORE_CARRY_BUFFERS   ; OFF          ; IGNORE_CARRY      ;
; AUTO_CASCADE_CHAINS    ; ON           ; AUTO_CASCADE      ;
; IGNORE_CASCADE_BUFFERS ; OFF          ; IGNORE_CASCADE    ;
+------------------------+--------------+-------------------+
Note: In order to hide this table in the UI and the text report file, please set the "Show Parameter Settings in Synthesis Report" option in "Analysis and Synthesis Settings -> More Settings" to "Off".


+-------------------------------+
; Elapsed Time Per Partition    ;
+----------------+--------------+
; Partition Name ; Elapsed Time ;
+----------------+--------------+
; Top            ; 00:00:00     ;
+----------------+--------------+


+-------------------------------+
; Analysis & Synthesis Messages ;
+-------------------------------+
Info: *******************************************************************
Info: Running Quartus II 64-Bit Analysis & Synthesis
    Info: Version 13.0.1 Build 232 06/12/2013 Service Pack 1 SJ Web Edition
    Info: Processing started: Thu May 29 00:48:11 2025
Info: Command: quartus_map --read_settings_files=on --write_settings_files=off prom_mux -c prom_mux
Warning (20028): Parallel compilation is not licensed and has been disabled
Info (12021): Found 1 design units, including 1 entities, in source file prom_mux.bdf
    Info (12023): Found entity 1: prom_mux
Info (12127): Elaborating entity "prom_mux" for the top level hierarchy
Warning (12125): Using design file lpm_mux0.vhd, which is not specified as a design file for the current project, but contains definitions for 2 design units and 1 entities in project
    Info (12022): Found design unit 1: lpm_mux0-SYN
    Info (12023): Found entity 1: lpm_mux0
Info (12128): Elaborating entity "lpm_mux0" for hierarchy "lpm_mux0:inst3"
Info (12128): Elaborating entity "LPM_MUX" for hierarchy "lpm_mux0:inst3|LPM_MUX:LPM_MUX_component"
Info (12130): Elaborated megafunction instantiation "lpm_mux0:inst3|LPM_MUX:LPM_MUX_component"
Info (12133): Instantiated megafunction "lpm_mux0:inst3|LPM_MUX:LPM_MUX_component" with the following parameter:
    Info (12134): Parameter "LPM_WIDTH" = "1"
    Info (12134): Parameter "LPM_SIZE" = "20"
    Info (12134): Parameter "LPM_WIDTHS" = "5"
    Info (12134): Parameter "LPM_PIPELINE" = "0"
    Info (12134): Parameter "LPM_TYPE" = "LPM_MUX"
    Info (12134): Parameter "LPM_HINT" = "UNUSED"
Info (12021): Found 1 design units, including 1 entities, in source file db/mux_k4e.tdf
    Info (12023): Found entity 1: mux_k4e
Info (12128): Elaborating entity "mux_k4e" for hierarchy "lpm_mux0:inst3|LPM_MUX:LPM_MUX_component|mux_k4e:auto_generated"
Info (12128): Elaborating entity "LPM_ROM" for hierarchy "LPM_ROM:inst"
Info (12130): Elaborated megafunction instantiation "LPM_ROM:inst"
Info (12133): Instantiated megafunction "LPM_ROM:inst" with the following parameter:
    Info (12134): Parameter "LPM_ADDRESS_CONTROL" = "REGISTERED"
    Info (12134): Parameter "LPM_FILE" = "memory.mif"
    Info (12134): Parameter "LPM_OUTDATA" = "UNREGISTERED"
    Info (12134): Parameter "LPM_WIDTH" = "20"
    Info (12134): Parameter "LPM_WIDTHAD" = "3"
Info (12128): Elaborating entity "altrom" for hierarchy "LPM_ROM:inst|altrom:srom"
Info (12131): Elaborated megafunction instantiation "LPM_ROM:inst|altrom:srom", which is child of megafunction instantiation "LPM_ROM:inst"
Info (12128): Elaborating entity "altsyncram" for hierarchy "LPM_ROM:inst|altrom:srom|altsyncram:rom_block"
Info (12131): Elaborated megafunction instantiation "LPM_ROM:inst|altrom:srom|altsyncram:rom_block", which is child of megafunction instantiation "LPM_ROM:inst"
Info (12021): Found 1 design units, including 1 entities, in source file db/altsyncram_n201.tdf
    Info (12023): Found entity 1: altsyncram_n201
Info (12128): Elaborating entity "altsyncram_n201" for hierarchy "LPM_ROM:inst|altrom:srom|altsyncram:rom_block|altsyncram_n201:auto_generated"
Warning (13046): Tri-state node(s) do not directly drive top-level pin(s)
    Warning (13049): Converted tri-state buffer "lpm_rom:inst|otri[19]" feeding internal logic into a wire
    Warning (13049): Converted tri-state buffer "lpm_rom:inst|otri[18]" feeding internal logic into a wire
    Warning (13049): Converted tri-state buffer "lpm_rom:inst|otri[17]" feeding internal logic into a wire
    Warning (13049): Converted tri-state buffer "lpm_rom:inst|otri[16]" feeding internal logic into a wire
    Warning (13049): Converted tri-state buffer "lpm_rom:inst|otri[15]" feeding internal logic into a wire
    Warning (13049): Converted tri-state buffer "lpm_rom:inst|otri[14]" feeding internal logic into a wire
    Warning (13049): Converted tri-state buffer "lpm_rom:inst|otri[13]" feeding internal logic into a wire
    Warning (13049): Converted tri-state buffer "lpm_rom:inst|otri[12]" feeding internal logic into a wire
    Warning (13049): Converted tri-state buffer "lpm_rom:inst|otri[11]" feeding internal logic into a wire
    Warning (13049): Converted tri-state buffer "lpm_rom:inst|otri[10]" feeding internal logic into a wire
    Warning (13049): Converted tri-state buffer "lpm_rom:inst|otri[9]" feeding internal logic into a wire
    Warning (13049): Converted tri-state buffer "lpm_rom:inst|otri[8]" feeding internal logic into a wire
    Warning (13049): Converted tri-state buffer "lpm_rom:inst|otri[7]" feeding internal logic into a wire
    Warning (13049): Converted tri-state buffer "lpm_rom:inst|otri[6]" feeding internal logic into a wire
    Warning (13049): Converted tri-state buffer "lpm_rom:inst|otri[5]" feeding internal logic into a wire
    Warning (13049): Converted tri-state buffer "lpm_rom:inst|otri[4]" feeding internal logic into a wire
    Warning (13049): Converted tri-state buffer "lpm_rom:inst|otri[3]" feeding internal logic into a wire
    Warning (13049): Converted tri-state buffer "lpm_rom:inst|otri[2]" feeding internal logic into a wire
    Warning (13049): Converted tri-state buffer "lpm_rom:inst|otri[1]" feeding internal logic into a wire
    Warning (13049): Converted tri-state buffer "lpm_rom:inst|otri[0]" feeding internal logic into a wire
Info (16010): Generating hard_block partition "hard_block:auto_generated_inst"
    Info (16011): Adding 0 node(s), including 0 DDIO, 0 PLL, 0 transceiver and 0 LCELL
Info (21057): Implemented 48 device resources after synthesis - the final resource count might be different
    Info (21058): Implemented 9 input pins
    Info (21059): Implemented 1 output pins
    Info (21061): Implemented 18 logic cells
    Info (21064): Implemented 20 RAM segments
Info: Quartus II 64-Bit Analysis & Synthesis was successful. 0 errors, 23 warnings
    Info: Peak virtual memory: 4652 megabytes
    Info: Processing ended: Thu May 29 00:48:14 2025
    Info: Elapsed time: 00:00:03
    Info: Total CPU time (on all processors): 00:00:02


